2010-09-13 15:20:43.590:INFO::jetty-6.1.25
2010-09-13 15:20:43.663:INFO::Deploy /Users/bradfordcp/Projects/java/jetty-6.1.25/contexts/solr.xml -> org.mortbay.jetty.webapp.WebAppContext@b6e39f{/,/Users/bradfordcp/Projects/java/jetty-6.1.25/webapps/apache-solr-1.4.1.war}
2010-09-13 15:20:43.690:INFO::Deploy /Users/bradfordcp/Projects/java/jetty-6.1.25/contexts/test.xml -> org.mortbay.jetty.webapp.WebAppContext@7f56b6b9{/,/Users/bradfordcp/Projects/java/jetty-6.1.25/webapps/test}
2010-09-13 15:20:43.720:INFO::Deploy /Users/bradfordcp/Projects/java/jetty-6.1.25/contexts/javadoc.xml -> org.mortbay.jetty.handler.ContextHandler@e49d67c{/javadoc,file:/Users/bradfordcp/Projects/java/jetty-6.1.25/javadoc/}
2010-09-13 15:20:43.744:INFO::Extract /Users/bradfordcp/Projects/java/jetty-6.1.25/webapps/apache-solr-1.4.1.war to /tmp/Jetty_0_0_0_0_8080_apache.solr.1.4.1.war____wx3urt/webapp
Sep 13, 2010 3:20:45 PM org.apache.solr.core.SolrResourceLoader locateSolrHome
INFO: No /solr/home in JNDI
Sep 13, 2010 3:20:45 PM org.apache.solr.core.SolrResourceLoader locateSolrHome
INFO: solr home defaulted to 'solr/' (could not find system property or JNDI)
Sep 13, 2010 3:20:45 PM org.apache.solr.core.SolrResourceLoader <init>
INFO: Solr home set to 'solr/'
Sep 13, 2010 3:20:45 PM org.apache.solr.servlet.SolrDispatchFilter init
INFO: SolrDispatchFilter.init()
Sep 13, 2010 3:20:45 PM org.apache.solr.core.SolrResourceLoader locateSolrHome
INFO: No /solr/home in JNDI
Sep 13, 2010 3:20:45 PM org.apache.solr.core.SolrResourceLoader locateSolrHome
INFO: solr home defaulted to 'solr/' (could not find system property or JNDI)
Sep 13, 2010 3:20:45 PM org.apache.solr.core.CoreContainer$Initializer initialize
INFO: looking for solr.xml: /Users/bradfordcp/Projects/java/jetty-6.1.25/solr/solr.xml
Sep 13, 2010 3:20:45 PM org.apache.solr.core.SolrResourceLoader <init>
INFO: Solr home set to 'solr/'
Sep 13, 2010 3:20:45 PM org.apache.solr.core.SolrConfig initLibs
INFO: Adding specified lib dirs to ClassLoader
Sep 13, 2010 3:20:45 PM org.apache.solr.core.SolrConfig <init>
INFO: Loaded SolrConfig: solrconfig.xml
Sep 13, 2010 3:20:45 PM org.apache.solr.core.SolrCore <init>
INFO: Opening new SolrCore at solr/, dataDir=/opt/solr/data/
Sep 13, 2010 3:20:45 PM org.apache.solr.schema.IndexSchema readSchema
INFO: Reading Solr Schema
Sep 13, 2010 3:20:45 PM org.apache.solr.schema.IndexSchema readSchema
INFO: Schema name=cambio
Sep 13, 2010 3:20:45 PM org.apache.solr.util.plugin.AbstractPluginLoader load
INFO: created string: org.apache.solr.schema.StrField
Sep 13, 2010 3:20:45 PM org.apache.solr.util.plugin.AbstractPluginLoader load
INFO: created null: org.apache.solr.analysis.HTMLStripStandardTokenizerFactory
Sep 13, 2010 3:20:45 PM org.apache.solr.util.plugin.AbstractPluginLoader load
INFO: created null: org.apache.solr.analysis.StandardFilterFactory
Sep 13, 2010 3:20:45 PM org.apache.solr.util.plugin.AbstractPluginLoader load
INFO: created null: org.apache.solr.analysis.StopFilterFactory
Sep 13, 2010 3:20:45 PM org.apache.solr.util.plugin.AbstractPluginLoader load
INFO: created null: org.apache.solr.analysis.SynonymFilterFactory
Sep 13, 2010 3:20:45 PM org.apache.solr.util.plugin.AbstractPluginLoader load
INFO: created null: org.apache.solr.analysis.WordDelimiterFilterFactory
Sep 13, 2010 3:20:45 PM org.apache.solr.util.plugin.AbstractPluginLoader load
INFO: created null: org.apache.solr.analysis.LowerCaseFilterFactory
Sep 13, 2010 3:20:45 PM org.apache.solr.util.plugin.AbstractPluginLoader load
INFO: created null: org.apache.solr.analysis.RemoveDuplicatesTokenFilterFactory
Sep 13, 2010 3:20:45 PM org.apache.solr.util.plugin.AbstractPluginLoader load
INFO: created text: org.apache.solr.schema.TextField
Sep 13, 2010 3:20:45 PM org.apache.solr.schema.IndexSchema readSchema
INFO: default search field is description
Sep 13, 2010 3:20:45 PM org.apache.solr.schema.IndexSchema readSchema
INFO: unique key field: id
Sep 13, 2010 3:20:49 PM org.apache.solr.core.SolrCore <init>
INFO: JMX monitoring not detected for core: null
Sep 13, 2010 3:20:49 PM org.apache.solr.core.SolrCore initListeners
INFO: Added SolrEventListener: org.apache.solr.core.QuerySenderListener{queries=[]}
Sep 13, 2010 3:20:49 PM org.apache.solr.core.SolrCore initListeners
INFO: Added SolrEventListener: org.apache.solr.core.QuerySenderListener{queries=[{q=Cambio,start=0,rows=10}, {q=Connect}]}
Sep 13, 2010 3:20:49 PM org.apache.solr.request.XSLTResponseWriter init
INFO: xsltCacheLifetimeSeconds=5
Sep 13, 2010 3:20:49 PM org.apache.solr.core.RequestHandlers initHandlersFromConfig
INFO: created /lucene: solr.SearchHandler
Sep 13, 2010 3:20:49 PM org.apache.solr.core.RequestHandlers initHandlersFromConfig
INFO: created /dismax: solr.SearchHandler
Sep 13, 2010 3:20:50 PM org.apache.solr.core.RequestHandlers initHandlersFromConfig
INFO: created /update: solr.XmlUpdateRequestHandler
Sep 13, 2010 3:20:50 PM org.apache.solr.core.RequestHandlers initHandlersFromConfig
INFO: created /update/javabin: solr.BinaryUpdateRequestHandler
Sep 13, 2010 3:20:50 PM org.apache.solr.core.RequestHandlers initHandlersFromConfig
INFO: created /analysis/document: solr.DocumentAnalysisRequestHandler
Sep 13, 2010 3:20:50 PM org.apache.solr.core.RequestHandlers initHandlersFromConfig
INFO: created /analysis/field: solr.FieldAnalysisRequestHandler
Sep 13, 2010 3:20:50 PM org.apache.solr.core.RequestHandlers initHandlersFromConfig
INFO: adding lazy requestHandler: solr.CSVRequestHandler
Sep 13, 2010 3:20:50 PM org.apache.solr.core.RequestHandlers initHandlersFromConfig
INFO: created /update/csv: solr.CSVRequestHandler
Sep 13, 2010 3:20:50 PM org.apache.solr.core.RequestHandlers initHandlersFromConfig
INFO: created /admin/luke: org.apache.solr.handler.admin.LukeRequestHandler
Sep 13, 2010 3:20:50 PM org.apache.solr.core.RequestHandlers initHandlersFromConfig
INFO: created /admin/system: org.apache.solr.handler.admin.SystemInfoHandler
Sep 13, 2010 3:20:50 PM org.apache.solr.core.RequestHandlers initHandlersFromConfig
INFO: created /admin/plugins: org.apache.solr.handler.admin.PluginInfoHandler
Sep 13, 2010 3:20:50 PM org.apache.solr.core.RequestHandlers initHandlersFromConfig
INFO: created /admin/threads: org.apache.solr.handler.admin.ThreadDumpHandler
Sep 13, 2010 3:20:50 PM org.apache.solr.core.RequestHandlers initHandlersFromConfig
INFO: created /admin/properties: org.apache.solr.handler.admin.PropertiesRequestHandler
Sep 13, 2010 3:20:50 PM org.apache.solr.core.RequestHandlers initHandlersFromConfig
INFO: created /admin/file: org.apache.solr.handler.admin.ShowFileRequestHandler
Sep 13, 2010 3:20:50 PM org.apache.solr.core.RequestHandlers initHandlersFromConfig
INFO: created /admin/ping: PingRequestHandler
Sep 13, 2010 3:20:50 PM org.apache.solr.core.RequestHandlers initHandlersFromConfig
INFO: created /debug/dump: solr.DumpRequestHandler
Sep 13, 2010 3:20:50 PM org.apache.solr.search.SolrIndexSearcher <init>
INFO: Opening Searcher@138b9a72 main
Sep 13, 2010 3:20:51 PM org.apache.solr.update.DirectUpdateHandler2$CommitTracker <init>
INFO: AutoCommit: disabled
Sep 13, 2010 3:20:51 PM org.apache.solr.handler.component.SearchHandler inform
INFO: Adding  component:org.apache.solr.handler.component.QueryComponent@cc7f9e
Sep 13, 2010 3:20:51 PM org.apache.solr.handler.component.SearchHandler inform
INFO: Adding  component:org.apache.solr.handler.component.FacetComponent@71ce5e7a
Sep 13, 2010 3:20:51 PM org.apache.solr.handler.component.SearchHandler inform
INFO: Adding  component:org.apache.solr.handler.component.MoreLikeThisComponent@239cd5f5
Sep 13, 2010 3:20:51 PM org.apache.solr.handler.component.SearchHandler inform
INFO: Adding  component:org.apache.solr.handler.component.HighlightComponent@da2da17
Sep 13, 2010 3:20:51 PM org.apache.solr.handler.component.SearchHandler inform
INFO: Adding  component:org.apache.solr.handler.component.StatsComponent@3e9c22ff
Sep 13, 2010 3:20:51 PM org.apache.solr.handler.component.SearchHandler inform
INFO: Adding  debug component:org.apache.solr.handler.component.DebugComponent@7cbdb375
Sep 13, 2010 3:20:51 PM org.apache.solr.handler.component.SearchHandler inform
INFO: Adding  component:org.apache.solr.handler.component.QueryComponent@cc7f9e
Sep 13, 2010 3:20:51 PM org.apache.solr.handler.component.SearchHandler inform
INFO: Adding  component:org.apache.solr.handler.component.FacetComponent@71ce5e7a
Sep 13, 2010 3:20:51 PM org.apache.solr.handler.component.SearchHandler inform
INFO: Adding  component:org.apache.solr.handler.component.MoreLikeThisComponent@239cd5f5
Sep 13, 2010 3:20:51 PM org.apache.solr.handler.component.SearchHandler inform
INFO: Adding  component:org.apache.solr.handler.component.HighlightComponent@da2da17
Sep 13, 2010 3:20:51 PM org.apache.solr.handler.component.SearchHandler inform
INFO: Adding  component:org.apache.solr.handler.component.StatsComponent@3e9c22ff
Sep 13, 2010 3:20:51 PM org.apache.solr.handler.component.SearchHandler inform
INFO: Adding  debug component:org.apache.solr.handler.component.DebugComponent@7cbdb375
Sep 13, 2010 3:20:51 PM org.apache.solr.core.QuerySenderListener newSearcher
INFO: QuerySenderListener sending requests to Searcher@138b9a72 main
Sep 13, 2010 3:20:51 PM org.apache.solr.core.CoreContainer register
INFO: registering core: 
Sep 13, 2010 3:20:51 PM org.apache.solr.servlet.SolrDispatchFilter init
INFO: user.dir=/Users/bradfordcp/Projects/java/jetty-6.1.25
Sep 13, 2010 3:20:51 PM org.apache.solr.servlet.SolrDispatchFilter init
INFO: SolrDispatchFilter.init() done
Sep 13, 2010 3:20:51 PM org.apache.solr.core.SolrCore execute
INFO: [] webapp=null path=null params={start=0&event=firstSearcher&q=Cambio&rows=10} hits=261 status=0 QTime=316 
Sep 13, 2010 3:20:51 PM org.apache.solr.servlet.SolrServlet init
INFO: SolrServlet.init()
Sep 13, 2010 3:20:51 PM org.apache.solr.core.SolrResourceLoader locateSolrHome
INFO: No /solr/home in JNDI
Sep 13, 2010 3:20:51 PM org.apache.solr.core.SolrResourceLoader locateSolrHome
INFO: solr home defaulted to 'solr/' (could not find system property or JNDI)
Sep 13, 2010 3:20:51 PM org.apache.solr.servlet.SolrServlet init
INFO: SolrServlet.init() done
Sep 13, 2010 3:20:51 PM org.apache.solr.core.SolrResourceLoader locateSolrHome
INFO: No /solr/home in JNDI
Sep 13, 2010 3:20:51 PM org.apache.solr.core.SolrResourceLoader locateSolrHome
INFO: solr home defaulted to 'solr/' (could not find system property or JNDI)
Sep 13, 2010 3:20:51 PM org.apache.solr.servlet.SolrUpdateServlet init
INFO: SolrUpdateServlet.init() done
Sep 13, 2010 3:20:51 PM org.apache.solr.core.SolrCore execute
INFO: [] webapp=null path=null params={event=firstSearcher&q=Connect} hits=229 status=0 QTime=102 
Sep 13, 2010 3:20:51 PM org.apache.solr.core.QuerySenderListener newSearcher
INFO: QuerySenderListener done.
Sep 13, 2010 3:20:51 PM org.apache.solr.core.SolrCore registerSearcher
INFO: [] Registered new searcher Searcher@138b9a72 main
2010-09-13 15:20:51.694:WARN::Web application not found /Users/bradfordcp/Projects/java/jetty-6.1.25/webapps/test
2010-09-13 15:20:51.694:WARN::Failed startup of context org.mortbay.jetty.webapp.WebAppContext@7f56b6b9{/,/Users/bradfordcp/Projects/java/jetty-6.1.25/webapps/test}
java.io.FileNotFoundException: /Users/bradfordcp/Projects/java/jetty-6.1.25/webapps/test
	at org.mortbay.jetty.webapp.WebAppContext.resolveWebApp(WebAppContext.java:987)
	at org.mortbay.jetty.webapp.WebAppContext.getWebInf(WebAppContext.java:822)
	at org.mortbay.jetty.webapp.WebInfConfiguration.configureClassLoader(WebInfConfiguration.java:62)
	at org.mortbay.jetty.webapp.WebAppContext.doStart(WebAppContext.java:479)
	at org.mortbay.component.AbstractLifeCycle.start(AbstractLifeCycle.java:50)
	at org.mortbay.jetty.handler.HandlerCollection.doStart(HandlerCollection.java:152)
	at org.mortbay.jetty.handler.ContextHandlerCollection.doStart(ContextHandlerCollection.java:156)
	at org.mortbay.component.AbstractLifeCycle.start(AbstractLifeCycle.java:50)
	at org.mortbay.jetty.handler.HandlerCollection.doStart(HandlerCollection.java:152)
	at org.mortbay.component.AbstractLifeCycle.start(AbstractLifeCycle.java:50)
	at org.mortbay.jetty.handler.HandlerWrapper.doStart(HandlerWrapper.java:130)
	at org.mortbay.jetty.Server.doStart(Server.java:224)
	at org.mortbay.component.AbstractLifeCycle.start(AbstractLifeCycle.java:50)
	at org.mortbay.xml.XmlConfiguration.main(XmlConfiguration.java:985)
	at sun.reflect.NativeMethodAccessorImpl.invoke0(Native Method)
	at sun.reflect.NativeMethodAccessorImpl.invoke(NativeMethodAccessorImpl.java:39)
	at sun.reflect.DelegatingMethodAccessorImpl.invoke(DelegatingMethodAccessorImpl.java:25)
	at java.lang.reflect.Method.invoke(Method.java:597)
	at org.mortbay.start.Main.invokeMain(Main.java:194)
	at org.mortbay.start.Main.start(Main.java:534)
	at org.mortbay.start.Main.start(Main.java:441)
	at org.mortbay.start.Main.main(Main.java:119)
2010-09-13 15:20:51.740:INFO::Opened /Users/bradfordcp/Projects/java/jetty-6.1.25/logs/2010_09_13.request.log
2010-09-13 15:20:51.832:INFO::Started SelectChannelConnector@0.0.0.0:8080
Sep 13, 2010 3:21:03 PM org.apache.solr.core.SolrCore execute
INFO: [] webapp= path=/select/ params={indent=on&start=0&q=Cambio&version=2.2&rows=10} hits=261 status=0 QTime=21 
Sep 13, 2010 3:38:54 PM org.apache.solr.core.SolrCore execute
INFO: [] webapp= path=/select/ params={json.wrf=jsonp1284406733757&facet=true&start=0&q=test!&facet.field=h_type&wt=json&version=2.2&rows=10} hits=697 status=0 QTime=68 
Sep 13, 2010 3:41:09 PM org.apache.solr.core.SolrCore execute
INFO: [] webapp= path=/select/ params={json.wrf=jsonp1284406869247&facet=true&start=0&q=test!&facet.field=h_type&wt=json&version=2.2&rows=10} hits=697 status=0 QTime=3 
Sep 13, 2010 3:41:12 PM org.apache.solr.core.SolrCore execute
INFO: [] webapp= path=/select/ params={json.wrf=jsonp1284406872324&facet=true&start=0&q=test!&facet.field=h_type&wt=json&version=2.2&rows=10} hits=697 status=0 QTime=2 
Sep 13, 2010 3:41:14 PM org.apache.solr.core.SolrCore execute
INFO: [] webapp= path=/select/ params={json.wrf=jsonp1284406874409&facet=true&start=0&q=test!&facet.field=h_type&wt=json&version=2.2&rows=10} hits=697 status=0 QTime=3 
Sep 13, 2010 3:41:34 PM org.apache.solr.core.SolrCore execute
INFO: [] webapp= path=/select/ params={json.wrf=jsonp1284406894574&facet=true&start=0&q=test!&facet.field=h_type&wt=json&version=2.2&rows=10} hits=697 status=0 QTime=3 
Sep 13, 2010 3:41:36 PM org.apache.solr.core.SolrCore execute
INFO: [] webapp= path=/select/ params={json.wrf=jsonp1284406896273&facet=true&start=0&q=test!&facet.field=h_type&wt=json&version=2.2&rows=10} hits=697 status=0 QTime=6 
Sep 13, 2010 3:41:40 PM org.apache.solr.core.SolrCore execute
INFO: [] webapp= path=/select/ params={json.wrf=jsonp1284406899637&facet=true&start=0&q=test!&facet.field=h_type&wt=json&version=2.2&rows=10} hits=697 status=0 QTime=3 
Sep 13, 2010 3:41:46 PM org.apache.solr.core.SolrCore execute
INFO: [] webapp= path=/select/ params={json.wrf=jsonp1284406906413&facet=true&start=0&q=connect&facet.field=h_type&wt=json&version=2.2&rows=10} hits=229 status=0 QTime=19 
Sep 13, 2010 3:42:03 PM org.apache.solr.core.SolrCore execute
INFO: [] webapp= path=/select/ params={json.wrf=jsonp1284406922652&facet=true&start=0&q=connect&facet.field=h_type&wt=json&version=2.2&rows=10} hits=229 status=0 QTime=2 
Sep 13, 2010 3:42:09 PM org.apache.solr.core.SolrCore execute
INFO: [] webapp= path=/select/ params={json.wrf=jsonp1284406927868&facet=true&start=0&q=connect&facet.field=h_type&wt=json&version=2.2&rows=10} hits=229 status=0 QTime=1 
Sep 13, 2010 3:42:11 PM org.apache.solr.core.SolrCore execute
INFO: [] webapp= path=/select/ params={json.wrf=jsonp1284406930992&facet=true&start=0&q=connect&facet.field=h_type&wt=json&version=2.2&rows=10} hits=229 status=0 QTime=1 
Sep 13, 2010 3:42:41 PM org.apache.solr.core.SolrCore execute
INFO: [] webapp= path=/select/ params={json.wrf=jsonp1284406961450&facet=true&start=220&q=connect&facet.field=h_type&wt=json&version=2.2&rows=10} hits=229 status=0 QTime=14 
Sep 13, 2010 3:42:47 PM org.apache.solr.core.SolrCore execute
INFO: [] webapp= path=/select/ params={json.wrf=jsonp1284406966972&facet=true&start=190&q=connect&facet.field=h_type&wt=json&version=2.2&rows=10} hits=229 status=0 QTime=14 
Sep 13, 2010 3:42:52 PM org.apache.solr.core.SolrCore execute
INFO: [] webapp= path=/select/ params={json.wrf=jsonp1284406972289&facet=true&start=170&q=connect&facet.field=h_type&wt=json&version=2.2&rows=10} hits=229 status=0 QTime=6 
Sep 13, 2010 3:44:19 PM org.apache.solr.core.SolrCore execute
INFO: [] webapp= path=/select/ params={json.wrf=jsonp1284407058619&facet=true&start=170&q=connect&facet.field=h_type&wt=json&version=2.2&rows=10} hits=229 status=0 QTime=2 
Sep 13, 2010 3:44:27 PM org.apache.solr.core.SolrCore execute
INFO: [] webapp= path=/select/ params={json.wrf=jsonp1284407067103&facet=true&start=160&q=connect&facet.field=h_type&wt=json&version=2.2&rows=10} hits=229 status=0 QTime=4 
Sep 13, 2010 3:45:10 PM org.apache.solr.core.SolrCore execute
INFO: [] webapp= path=/select/ params={json.wrf=jsonp1284407110444&facet=true&start=160&q=connect&facet.field=h_type&wt=json&version=2.2&rows=10} hits=229 status=0 QTime=1 
Sep 13, 2010 3:45:14 PM org.apache.solr.core.SolrCore execute
INFO: [] webapp= path=/select/ params={json.wrf=jsonp1284407113561&facet=true&start=160&q=connect&facet.field=h_type&wt=json&version=2.2&rows=10} hits=229 status=0 QTime=2 
Sep 13, 2010 3:45:20 PM org.apache.solr.core.SolrCore execute
INFO: [] webapp= path=/select/ params={json.wrf=jsonp1284407119996&facet=true&start=150&q=connect&facet.field=h_type&wt=json&version=2.2&rows=10} hits=229 status=0 QTime=5 
Sep 13, 2010 3:45:25 PM org.apache.solr.core.SolrCore execute
INFO: [] webapp= path=/select/ params={json.wrf=jsonp1284407125549&facet=true&start=0&q=connect&facet.field=h_type&wt=json&version=2.2&rows=10} hits=229 status=0 QTime=2 
Sep 13, 2010 3:46:21 PM org.apache.solr.core.SolrCore execute
INFO: [] webapp= path=/select/ params={json.wrf=jsonp1284407181291&facet=true&start=0&q=connect&facet.field={!ex%3Dtype_tag}h_type&wt=json&fq={!tag%3Dtype_tag}h_type:specials&version=2.2&rows=10} hits=2 status=0 QTime=14 
Sep 13, 2010 3:48:01 PM org.apache.solr.core.SolrCore execute
INFO: [] webapp= path=/select/ params={json.wrf=jsonp1284407281108&facet=true&start=0&q=connect&facet.field=h_type&wt=json&version=2.2&rows=10} hits=229 status=0 QTime=2 
Sep 13, 2010 3:52:04 PM org.apache.solr.core.SolrCore execute
INFO: [] webapp= path=/select/ params={json.wrf=jsonp1284407524232&facet=true&start=0&q=connect&facet.field=h_type&wt=json&version=2.2&rows=10} hits=229 status=0 QTime=1 
Sep 13, 2010 3:52:09 PM org.apache.solr.core.SolrCore execute
INFO: [] webapp= path=/select/ params={json.wrf=jsonp1284407529002&facet=true&start=0&q=connect&facet.field=h_type&wt=json&version=2.2&rows=10} hits=229 status=0 QTime=2 
Sep 13, 2010 3:52:31 PM org.apache.solr.core.SolrCore execute
INFO: [] webapp= path=/select/ params={json.wrf=jsonp1284407550482&facet=true&start=0&q=connect&facet.field=h_type&wt=json&version=2.2&rows=10} hits=229 status=0 QTime=4 
Sep 13, 2010 3:53:02 PM org.apache.solr.core.SolrCore execute
INFO: [] webapp= path=/select/ params={json.wrf=jsonp1284407582376&facet=true&start=0&q=connect&facet.field=h_type&wt=json&version=2.2&rows=10} hits=229 status=0 QTime=4 
Sep 13, 2010 3:53:06 PM org.apache.solr.core.SolrCore execute
INFO: [] webapp= path=/select/ params={json.wrf=jsonp1284407585857&facet=true&start=0&q=connect&facet.field=h_type&wt=json&version=2.2&rows=10} hits=229 status=0 QTime=4 
Sep 13, 2010 3:53:40 PM org.apache.solr.core.SolrCore execute
INFO: [] webapp= path=/select/ params={json.wrf=jsonp1284407620283&facet=true&start=0&q=connect&facet.field=h_type&wt=json&version=2.2&rows=10} hits=229 status=0 QTime=3 
Sep 13, 2010 3:53:43 PM org.apache.solr.core.SolrCore execute
INFO: [] webapp= path=/select/ params={json.wrf=jsonp1284407623005&facet=true&start=10&q=connect&facet.field=h_type&wt=json&version=2.2&rows=10} hits=229 status=0 QTime=5 
Sep 13, 2010 3:53:45 PM org.apache.solr.core.SolrCore execute
INFO: [] webapp= path=/select/ params={json.wrf=jsonp1284407624719&facet=true&start=210&q=connect&facet.field=h_type&wt=json&version=2.2&rows=10} hits=229 status=0 QTime=100 
Sep 13, 2010 3:54:18 PM org.apache.solr.core.SolrCore execute
INFO: [] webapp= path=/select/ params={json.wrf=jsonp1284407658087&facet=true&start=0&q=jonas&facet.field=h_type&wt=json&version=2.2&rows=10} hits=163 status=0 QTime=219 
Sep 13, 2010 3:54:36 PM org.apache.solr.core.SolrCore execute
INFO: [] webapp= path=/select/ params={json.wrf=jsonp1284407675696&facet=true&start=0&q=jonas&facet.field=h_type&wt=json&version=2.2&rows=10} hits=163 status=0 QTime=1 
Sep 13, 2010 3:54:38 PM org.apache.solr.core.SolrCore execute
INFO: [] webapp= path=/select/ params={json.wrf=jsonp1284407678148&facet=true&start=0&q=jonas&facet.field=h_type&wt=json&version=2.2&rows=10} hits=163 status=0 QTime=2 
Sep 13, 2010 3:55:01 PM org.apache.solr.core.SolrCore execute
INFO: [] webapp= path=/select/ params={json.wrf=jsonp1284407700988&facet=true&start=0&q=jonas&facet.field=h_type&wt=json&version=2.2&rows=10} hits=163 status=0 QTime=2 
Sep 13, 2010 3:55:05 PM org.apache.solr.core.SolrCore execute
INFO: [] webapp= path=/select/ params={json.wrf=jsonp1284407705502&facet=true&start=0&q=jonas&facet.field=h_type&wt=json&version=2.2&rows=10} hits=163 status=0 QTime=1 
Sep 13, 2010 3:55:09 PM org.apache.solr.core.SolrCore execute
INFO: [] webapp= path=/select/ params={json.wrf=jsonp1284407709407&facet=true&start=0&q=jonas&facet.field=h_type&wt=json&version=2.2&rows=10} hits=163 status=0 QTime=1 
Sep 13, 2010 3:56:05 PM org.apache.solr.core.SolrCore execute
INFO: [] webapp= path=/select/ params={json.wrf=jsonp1284407765196&facet=true&start=0&q=jonas&facet.field=h_type&wt=json&version=2.2&rows=10} hits=163 status=0 QTime=2 
Sep 13, 2010 3:56:09 PM org.apache.solr.core.SolrCore execute
INFO: [] webapp= path=/select/ params={json.wrf=jsonp1284407768578&facet=true&start=0&q=jonas&facet.field=h_type&wt=json&version=2.2&rows=10} hits=163 status=0 QTime=2 
Sep 13, 2010 3:56:30 PM org.apache.solr.core.SolrCore execute
INFO: [] webapp= path=/select/ params={json.wrf=jsonp1284407789960&facet=true&start=0&q=jonas&facet.field=h_type&wt=json&version=2.2&rows=10} hits=163 status=0 QTime=1 
Sep 13, 2010 3:56:33 PM org.apache.solr.core.SolrCore execute
INFO: [] webapp= path=/select/ params={json.wrf=jsonp1284407792693&facet=true&start=0&q=jonas&facet.field=h_type&wt=json&version=2.2&rows=10} hits=163 status=0 QTime=2 
Sep 13, 2010 3:56:36 PM org.apache.solr.core.SolrCore execute
INFO: [] webapp= path=/select/ params={json.wrf=jsonp1284407796189&facet=true&start=0&q=jonas&facet.field=h_type&wt=json&version=2.2&rows=10} hits=163 status=0 QTime=1 
Sep 13, 2010 3:56:53 PM org.apache.solr.core.SolrCore execute
INFO: [] webapp= path=/select/ params={json.wrf=jsonp1284407812602&facet=true&start=0&q=jonas&facet.field=h_type&wt=json&version=2.2&rows=10} hits=163 status=0 QTime=1 
Sep 13, 2010 3:57:05 PM org.apache.solr.core.SolrCore execute
INFO: [] webapp= path=/select/ params={json.wrf=jsonp1284407824912&facet=true&start=0&q=jonas&facet.field=h_type&wt=json&version=2.2&rows=10} hits=163 status=0 QTime=1 
Sep 13, 2010 3:57:08 PM org.apache.solr.core.SolrCore execute
INFO: [] webapp= path=/select/ params={json.wrf=jsonp1284407827472&facet=true&start=0&q=jonas&facet.field=h_type&wt=json&version=2.2&rows=10} hits=163 status=0 QTime=1 
Sep 13, 2010 3:57:10 PM org.apache.solr.core.SolrCore execute
INFO: [] webapp= path=/select/ params={json.wrf=jsonp1284407830441&facet=true&start=0&q=jonas&facet.field=h_type&wt=json&version=2.2&rows=10} hits=163 status=0 QTime=2 
Sep 13, 2010 3:57:26 PM org.apache.solr.core.SolrCore execute
INFO: [] webapp= path=/select/ params={json.wrf=jsonp1284407846163&facet=true&start=0&q=jonas&facet.field=h_type&wt=json&version=2.2&rows=10} hits=163 status=0 QTime=1 
Sep 13, 2010 3:57:29 PM org.apache.solr.core.SolrCore execute
INFO: [] webapp= path=/select/ params={json.wrf=jsonp1284407848509&facet=true&start=0&q=jonas&facet.field=h_type&wt=json&version=2.2&rows=10} hits=163 status=0 QTime=1 
Sep 13, 2010 3:57:49 PM org.apache.solr.core.SolrCore execute
INFO: [] webapp= path=/select/ params={json.wrf=jsonp1284407868797&facet=true&start=0&q=jonas&facet.field=h_type&wt=json&version=2.2&rows=10} hits=163 status=0 QTime=1 
Sep 13, 2010 3:57:52 PM org.apache.solr.core.SolrCore execute
INFO: [] webapp= path=/select/ params={json.wrf=jsonp1284407871799&facet=true&start=0&q=jonas&facet.field=h_type&wt=json&version=2.2&rows=10} hits=163 status=0 QTime=1 
Sep 13, 2010 3:58:02 PM org.apache.solr.core.SolrCore execute
INFO: [] webapp= path=/select/ params={json.wrf=jsonp1284407881543&facet=true&start=0&q=jonas&facet.field=h_type&wt=json&version=2.2&rows=10} hits=163 status=0 QTime=1 
Sep 13, 2010 3:58:05 PM org.apache.solr.core.SolrCore execute
INFO: [] webapp= path=/select/ params={json.wrf=jsonp1284407885586&facet=true&start=0&q=jonas&facet.field=h_type&wt=json&version=2.2&rows=10} hits=163 status=0 QTime=2 
Sep 13, 2010 3:58:10 PM org.apache.solr.core.SolrCore execute
INFO: [] webapp= path=/select/ params={json.wrf=jsonp1284407889758&facet=true&start=0&q=jonas&facet.field=h_type&wt=json&version=2.2&rows=10} hits=163 status=0 QTime=1 
Sep 13, 2010 3:58:33 PM org.apache.solr.core.SolrCore execute
INFO: [] webapp= path=/select/ params={json.wrf=jsonp1284407913258&facet=true&start=0&q=jonas&facet.field=h_type&wt=json&version=2.2&rows=10} hits=163 status=0 QTime=1 
Sep 13, 2010 3:58:35 PM org.apache.solr.core.SolrCore execute
INFO: [] webapp= path=/select/ params={json.wrf=jsonp1284407915572&facet=true&start=0&q=jonas&facet.field=h_type&wt=json&version=2.2&rows=10} hits=163 status=0 QTime=2 
Sep 13, 2010 4:00:48 PM org.apache.solr.core.SolrCore execute
INFO: [] webapp= path=/select/ params={json.wrf=jsonp1284408047451&facet=true&start=0&q=jonas&facet.field=h_type&wt=json&version=2.2&rows=10} hits=163 status=0 QTime=2 
Sep 13, 2010 4:00:51 PM org.apache.solr.core.SolrCore execute
INFO: [] webapp= path=/select/ params={json.wrf=jsonp1284408050764&facet=true&start=0&q=jonas&facet.field=h_type&wt=json&version=2.2&rows=10} hits=163 status=0 QTime=3 
Sep 13, 2010 4:01:20 PM org.apache.solr.core.SolrCore execute
INFO: [] webapp= path=/select/ params={json.wrf=jsonp1284408079821&facet=true&start=0&q=jonas&facet.field=h_type&wt=json&version=2.2&rows=10} hits=163 status=0 QTime=1 
Sep 13, 2010 4:01:23 PM org.apache.solr.core.SolrCore execute
INFO: [] webapp= path=/select/ params={json.wrf=jsonp1284408082697&facet=true&start=0&q=jonas&facet.field=h_type&wt=json&version=2.2&rows=10} hits=163 status=0 QTime=1 
Sep 13, 2010 4:02:51 PM org.apache.solr.core.SolrCore execute
INFO: [] webapp= path=/select/ params={json.wrf=jsonp1284408170782&facet=true&start=0&q=jonas&facet.field=h_type&wt=json&version=2.2&rows=10} hits=163 status=0 QTime=1 
Sep 13, 2010 4:02:55 PM org.apache.solr.core.SolrCore execute
INFO: [] webapp= path=/select/ params={json.wrf=jsonp1284408175470&facet=true&start=0&q=jonas&facet.field=h_type&wt=json&version=2.2&rows=10} hits=163 status=0 QTime=1 
Sep 13, 2010 4:03:26 PM org.apache.solr.core.SolrCore execute
INFO: [] webapp= path=/select/ params={json.wrf=jsonp1284408206272&facet=true&start=0&q=jonas&facet.field=h_type&wt=json&version=2.2&rows=10} hits=163 status=0 QTime=1 
Sep 13, 2010 4:03:29 PM org.apache.solr.core.SolrCore execute
INFO: [] webapp= path=/select/ params={json.wrf=jsonp1284408208639&facet=true&start=0&q=jonas&facet.field=h_type&wt=json&version=2.2&rows=10} hits=163 status=0 QTime=1 
Sep 13, 2010 4:03:31 PM org.apache.solr.core.SolrCore execute
INFO: [] webapp= path=/select/ params={json.wrf=jsonp1284408211181&facet=true&start=0&q=jonas&facet.field=h_type&wt=json&version=2.2&rows=10} hits=163 status=0 QTime=1 
Sep 13, 2010 4:03:45 PM org.apache.solr.core.SolrCore execute
INFO: [] webapp= path=/select/ params={json.wrf=jsonp1284408225288&facet=true&start=0&q=jonas&facet.field=h_type&wt=json&version=2.2&rows=10} hits=163 status=0 QTime=1 
Sep 13, 2010 4:03:49 PM org.apache.solr.core.SolrCore execute
INFO: [] webapp= path=/select/ params={json.wrf=jsonp1284408228753&facet=true&start=0&q=jonas&facet.field=h_type&wt=json&version=2.2&rows=10} hits=163 status=0 QTime=2 
Sep 13, 2010 4:04:14 PM org.apache.solr.core.SolrCore execute
INFO: [] webapp= path=/select/ params={json.wrf=jsonp1284408253869&facet=true&start=0&q=jonas&facet.field=h_type&wt=json&version=2.2&rows=10} hits=163 status=0 QTime=2 
Sep 13, 2010 4:04:16 PM org.apache.solr.core.SolrCore execute
INFO: [] webapp= path=/select/ params={json.wrf=jsonp1284408256175&facet=true&start=0&q=jonas&facet.field=h_type&wt=json&version=2.2&rows=10} hits=163 status=0 QTime=2 
Sep 13, 2010 4:04:20 PM org.apache.solr.core.SolrCore execute
INFO: [] webapp= path=/select/ params={json.wrf=jsonp1284408260358&facet=true&start=0&q=jonas&facet.field=h_type&wt=json&version=2.2&rows=10} hits=163 status=0 QTime=2 
Sep 13, 2010 4:04:34 PM org.apache.solr.core.SolrCore execute
INFO: [] webapp= path=/select/ params={json.wrf=jsonp1284408274056&facet=true&start=0&q=jonas&facet.field=h_type&wt=json&version=2.2&rows=10} hits=163 status=0 QTime=2 
Sep 13, 2010 4:04:38 PM org.apache.solr.core.SolrCore execute
INFO: [] webapp= path=/select/ params={json.wrf=jsonp1284408277806&facet=true&start=0&q=jonas&facet.field=h_type&wt=json&version=2.2&rows=10} hits=163 status=0 QTime=1 
Sep 13, 2010 4:05:18 PM org.apache.solr.core.SolrCore execute
INFO: [] webapp= path=/select/ params={json.wrf=jsonp1284408317523&facet=true&start=0&q=jonas&facet.field=h_type&wt=json&version=2.2&rows=10} hits=163 status=0 QTime=1 
Sep 13, 2010 4:05:21 PM org.apache.solr.core.SolrCore execute
INFO: [] webapp= path=/select/ params={json.wrf=jsonp1284408320853&facet=true&start=0&q=jonas&facet.field=h_type&wt=json&version=2.2&rows=10} hits=163 status=0 QTime=1 
Sep 13, 2010 4:05:46 PM org.apache.solr.core.SolrCore execute
INFO: [] webapp= path=/select/ params={json.wrf=jsonp1284408346289&facet=true&start=0&q=jonas&facet.field=h_type&wt=json&version=2.2&rows=10} hits=163 status=0 QTime=2 
Sep 13, 2010 4:05:50 PM org.apache.solr.core.SolrCore execute
INFO: [] webapp= path=/select/ params={json.wrf=jsonp1284408350472&facet=true&start=0&q=jonas&facet.field=h_type&wt=json&version=2.2&rows=10} hits=163 status=0 QTime=1 
Sep 13, 2010 4:06:06 PM org.apache.solr.core.SolrCore execute
INFO: [] webapp= path=/select/ params={json.wrf=jsonp1284408366421&facet=true&start=0&q=jonas&facet.field=h_type&wt=json&version=2.2&rows=10} hits=163 status=0 QTime=2 
Sep 13, 2010 4:06:16 PM org.apache.solr.core.SolrCore execute
INFO: [] webapp= path=/select/ params={json.wrf=jsonp1284408376108&facet=true&start=0&q=jonas&facet.field={!ex%3Dtype_tag}h_type&wt=json&fq={!tag%3Dtype_tag}h_type:artists&version=2.2&rows=10} hits=16 status=0 QTime=199 
Sep 13, 2010 4:06:29 PM org.apache.solr.core.SolrCore execute
INFO: [] webapp= path=/select/ params={json.wrf=jsonp1284408389082&facet=true&start=10&q=jonas&facet.field={!ex%3Dtype_tag}h_type&wt=json&fq={!tag%3Dtype_tag}h_type:artists&version=2.2&rows=10} hits=16 status=0 QTime=6 
Sep 13, 2010 4:06:33 PM org.apache.solr.core.SolrCore execute
INFO: [] webapp= path=/select/ params={json.wrf=jsonp1284408393740&facet=true&start=0&q=jonas&facet.field={!ex%3Dtype_tag}h_type&wt=json&fq={!tag%3Dtype_tag}h_type:artists&version=2.2&rows=10} hits=16 status=0 QTime=2 
Sep 13, 2010 4:06:42 PM org.apache.solr.core.SolrCore execute
INFO: [] webapp= path=/select/ params={json.wrf=jsonp1284408402180&facet=true&start=0&q=jonas&facet.field={!ex%3Dtype_tag}h_type&wt=json&fq={!tag%3Dtype_tag}h_type:artists&version=2.2&rows=10} hits=16 status=0 QTime=1 
Sep 13, 2010 4:07:23 PM org.apache.solr.core.SolrCore execute
INFO: [] webapp= path=/select/ params={json.wrf=jsonp1284408442419&facet=true&start=0&q=jonas&facet.field={!ex%3Dtype_tag}h_type&wt=json&fq={!tag%3Dtype_tag}h_type:artists&version=2.2&rows=10} hits=16 status=0 QTime=3 
Sep 13, 2010 4:07:25 PM org.apache.solr.core.SolrCore execute
INFO: [] webapp= path=/select/ params={json.wrf=jsonp1284408445422&facet=true&start=0&q=jonas&facet.field={!ex%3Dtype_tag}h_type&wt=json&fq={!tag%3Dtype_tag}h_type:artists&version=2.2&rows=10} hits=16 status=0 QTime=3 
Sep 13, 2010 4:08:17 PM org.apache.solr.core.SolrCore execute
INFO: [] webapp= path=/select/ params={json.wrf=jsonp1284408496468&facet=true&start=0&q=jonas&facet.field={!ex%3Dtype_tag}h_type&wt=json&fq={!tag%3Dtype_tag}h_type:artists&version=2.2&rows=10} hits=16 status=0 QTime=1 
Sep 13, 2010 4:08:20 PM org.apache.solr.core.SolrCore execute
INFO: [] webapp= path=/select/ params={json.wrf=jsonp1284408499747&facet=true&start=0&q=jonas&facet.field={!ex%3Dtype_tag}h_type&wt=json&fq={!tag%3Dtype_tag}h_type:artists&version=2.2&rows=10} hits=16 status=0 QTime=1 
Sep 13, 2010 4:08:57 PM org.apache.solr.core.SolrCore execute
INFO: [] webapp= path=/select/ params={json.wrf=jsonp1284408536772&facet=true&start=0&q=jonas&facet.field={!ex%3Dtype_tag}h_type&wt=json&fq={!tag%3Dtype_tag}h_type:artists&version=2.2&rows=10} hits=16 status=0 QTime=2 
Sep 13, 2010 4:08:59 PM org.apache.solr.core.SolrCore execute
INFO: [] webapp= path=/select/ params={json.wrf=jsonp1284408539435&facet=true&start=0&q=jonas&facet.field={!ex%3Dtype_tag}h_type&wt=json&fq={!tag%3Dtype_tag}h_type:artists&version=2.2&rows=10} hits=16 status=0 QTime=1 
Sep 13, 2010 4:09:44 PM org.apache.solr.core.SolrCore execute
INFO: [] webapp= path=/select/ params={json.wrf=jsonp1284408584269&facet=true&start=0&q=jonas&facet.field={!ex%3Dtype_tag}h_type&wt=json&fq={!tag%3Dtype_tag}h_type:shows&version=2.2&rows=10} hits=1 status=0 QTime=4 
Sep 13, 2010 4:09:52 PM org.apache.solr.core.SolrCore execute
INFO: [] webapp= path=/select/ params={json.wrf=jsonp1284408592490&facet=true&start=0&q=jonas&facet.field={!ex%3Dtype_tag}h_type&wt=json&fq={!tag%3Dtype_tag}h_type:episodes&version=2.2&rows=10} hits=12 status=0 QTime=11 
Sep 13, 2010 4:10:52 PM org.apache.solr.core.SolrCore execute
INFO: [] webapp= path=/select/ params={json.wrf=jsonp1284408651666&facet=true&start=0&q=jonas&facet.field={!ex%3Dtype_tag}h_type&wt=json&fq={!tag%3Dtype_tag}h_type:episodes&version=2.2&rows=10} hits=12 status=0 QTime=2 
Sep 13, 2010 4:14:44 PM org.apache.solr.core.SolrCore execute
INFO: [] webapp= path=/select/ params={json.wrf=jsonp1284408883780&facet=true&start=0&q=jonas&facet.field={!ex%3Dtype_tag}h_type&wt=json&fq={!tag%3Dtype_tag}h_type:episodes&version=2.2&rows=10} hits=12 status=0 QTime=3 
Sep 13, 2010 4:18:44 PM org.apache.solr.core.SolrCore execute
INFO: [] webapp= path=/select/ params={json.wrf=jsonp1284409123721&facet=true&start=0&q=test&facet.field=h_type&wt=json&version=2.2&rows=10} hits=697 status=0 QTime=16 
Sep 13, 2010 4:19:15 PM org.apache.solr.core.SolrCore execute
INFO: [] webapp= path=/select/ params={json.wrf=jsonp1284409155158&facet=true&start=0&q=test&facet.field=h_type&wt=json&version=2.2&rows=10} hits=697 status=0 QTime=1 
Sep 13, 2010 4:19:19 PM org.apache.solr.core.SolrCore execute
INFO: [] webapp= path=/select/ params={json.wrf=jsonp1284409158792&facet=true&start=0&q=test&facet.field=h_type&wt=json&version=2.2&rows=10} hits=697 status=0 QTime=2 
Sep 13, 2010 4:19:24 PM org.apache.solr.core.SolrCore execute
INFO: [] webapp= path=/select/ params={json.wrf=jsonp1284409163327&facet=true&start=0&q=test&facet.field=h_type&wt=json&version=2.2&rows=10} hits=697 status=0 QTime=3 
Sep 13, 2010 4:19:28 PM org.apache.solr.core.SolrCore execute
INFO: [] webapp= path=/select/ params={json.wrf=jsonp1284409167737&facet=true&start=0&q=test&facet.field=h_type&wt=json&version=2.2&rows=10} hits=697 status=0 QTime=2 
Sep 13, 2010 4:59:06 PM org.apache.solr.core.SolrCore execute
INFO: [] webapp= path=/select/ params={json.wrf=jsonp1284411545831&facet=true&start=0&q=jonas&facet.field=h_type&wt=json&version=2.2&rows=10} hits=163 status=0 QTime=2 
Sep 13, 2010 4:59:55 PM org.apache.solr.core.SolrCore execute
INFO: [] webapp= path=/select/ params={json.wrf=jsonp1284411594504&facet=true&start=0&q=jonas&facet.field={!ex%3Dtype_tag}h_type&wt=json&fq={!tag%3Dtype_tag}h_type:episodes&version=2.2&rows=10} hits=12 status=0 QTime=1 
2010-09-13 17:00:50.641:INFO::Shutdown hook executing
2010-09-13 17:00:50.644:INFO::Graceful shutdown SelectChannelConnector@0.0.0.0:8080
2010-09-13 17:00:50.675:INFO::Graceful shutdown org.mortbay.jetty.webapp.WebAppContext@b6e39f{/,/Users/bradfordcp/Projects/java/jetty-6.1.25/webapps/apache-solr-1.4.1.war}
2010-09-13 17:00:50.675:INFO::Graceful shutdown org.mortbay.jetty.webapp.WebAppContext@7f56b6b9{/,/Users/bradfordcp/Projects/java/jetty-6.1.25/webapps/test}
2010-09-13 17:00:50.675:INFO::Graceful shutdown org.mortbay.jetty.handler.ContextHandler@e49d67c{/javadoc,file:/Users/bradfordcp/Projects/java/jetty-6.1.25/javadoc/}
2010-09-13 17:00:51.675:INFO::Stopped SelectChannelConnector@0.0.0.0:8080
2010-09-13 17:00:51.700:INFO::Shutdown hook complete
