2010-09-24 13:52:18.350:INFO::jetty-6.1.25
2010-09-24 13:52:18.436:INFO::Deploy /Users/bradfordcp/Projects/java/jetty-6.1.25/contexts/solr.xml -> org.mortbay.jetty.webapp.WebAppContext@52c05d3b{/,/Users/bradfordcp/Projects/java/jetty-6.1.25/webapps/apache-solr-1.4.1.war}
2010-09-24 13:52:18.594:INFO::Deploy /Users/bradfordcp/Projects/java/jetty-6.1.25/contexts/test.xml -> org.mortbay.jetty.webapp.WebAppContext@656de49c{/,/Users/bradfordcp/Projects/java/jetty-6.1.25/webapps/test}
2010-09-24 13:52:18.856:INFO::Deploy /Users/bradfordcp/Projects/java/jetty-6.1.25/contexts/javadoc.xml -> org.mortbay.jetty.handler.ContextHandler@2d8941f7{/javadoc,file:/Users/bradfordcp/Projects/java/jetty-6.1.25/javadoc/}
2010-09-24 13:52:18.883:INFO::Extract /Users/bradfordcp/Projects/java/jetty-6.1.25/webapps/apache-solr-1.4.1.war to /tmp/Jetty_0_0_0_0_8080_apache.solr.1.4.1.war____wx3urt/webapp
Sep 24, 2010 1:52:21 PM org.apache.solr.core.SolrResourceLoader locateSolrHome
INFO: No /solr/home in JNDI
Sep 24, 2010 1:52:21 PM org.apache.solr.core.SolrResourceLoader locateSolrHome
INFO: solr home defaulted to 'solr/' (could not find system property or JNDI)
Sep 24, 2010 1:52:21 PM org.apache.solr.core.SolrResourceLoader <init>
INFO: Solr home set to 'solr/'
Sep 24, 2010 1:52:21 PM org.apache.solr.core.SolrResourceLoader replaceClassLoader
INFO: Adding 'file:/Users/bradfordcp/Projects/java/jetty-6.1.25/solr/lib/README' to classloader
Sep 24, 2010 1:52:22 PM org.apache.solr.servlet.SolrDispatchFilter init
INFO: SolrDispatchFilter.init()
Sep 24, 2010 1:52:22 PM org.apache.solr.core.SolrResourceLoader locateSolrHome
INFO: No /solr/home in JNDI
Sep 24, 2010 1:52:22 PM org.apache.solr.core.SolrResourceLoader locateSolrHome
INFO: solr home defaulted to 'solr/' (could not find system property or JNDI)
Sep 24, 2010 1:52:22 PM org.apache.solr.core.CoreContainer$Initializer initialize
INFO: looking for solr.xml: /Users/bradfordcp/Projects/java/jetty-6.1.25/solr/solr.xml
Sep 24, 2010 1:52:22 PM org.apache.solr.core.SolrResourceLoader <init>
INFO: Solr home set to 'solr/'
Sep 24, 2010 1:52:22 PM org.apache.solr.core.SolrResourceLoader replaceClassLoader
INFO: Adding 'file:/Users/bradfordcp/Projects/java/jetty-6.1.25/solr/lib/README' to classloader
Sep 24, 2010 1:52:23 PM org.apache.solr.core.SolrConfig initLibs
INFO: Adding specified lib dirs to ClassLoader
Sep 24, 2010 1:52:24 PM org.apache.solr.core.SolrConfig <init>
INFO: Loaded SolrConfig: solrconfig.xml
Sep 24, 2010 1:52:24 PM org.apache.solr.core.SolrCore <init>
INFO: Opening new SolrCore at solr/, dataDir=/opt/solr/data/
Sep 24, 2010 1:52:24 PM org.apache.solr.schema.IndexSchema readSchema
INFO: Reading Solr Schema
Sep 24, 2010 1:52:24 PM org.apache.solr.schema.IndexSchema readSchema
INFO: Schema name=cambio
Sep 24, 2010 1:52:24 PM org.apache.solr.util.plugin.AbstractPluginLoader load
INFO: created string: org.apache.solr.schema.StrField
Sep 24, 2010 1:52:24 PM org.apache.solr.util.plugin.AbstractPluginLoader load
INFO: created null: org.apache.solr.analysis.HTMLStripStandardTokenizerFactory
Sep 24, 2010 1:52:24 PM org.apache.solr.util.plugin.AbstractPluginLoader load
INFO: created null: org.apache.solr.analysis.StandardFilterFactory
Sep 24, 2010 1:52:24 PM org.apache.solr.util.plugin.AbstractPluginLoader load
INFO: created null: org.apache.solr.analysis.StopFilterFactory
Sep 24, 2010 1:52:24 PM org.apache.solr.util.plugin.AbstractPluginLoader load
INFO: created null: org.apache.solr.analysis.WordDelimiterFilterFactory
Sep 24, 2010 1:52:24 PM org.apache.solr.util.plugin.AbstractPluginLoader load
INFO: created null: org.apache.solr.analysis.LowerCaseFilterFactory
Sep 24, 2010 1:52:24 PM org.apache.solr.util.plugin.AbstractPluginLoader load
INFO: created null: org.apache.solr.analysis.PorterStemFilterFactory
Sep 24, 2010 1:52:24 PM org.apache.solr.util.plugin.AbstractPluginLoader load
INFO: created null: org.apache.solr.analysis.RemoveDuplicatesTokenFilterFactory
Sep 24, 2010 1:52:24 PM org.apache.solr.util.plugin.AbstractPluginLoader load
INFO: created null: org.apache.solr.analysis.HTMLStripStandardTokenizerFactory
Sep 24, 2010 1:52:24 PM org.apache.solr.util.plugin.AbstractPluginLoader load
INFO: created null: org.apache.solr.analysis.StandardFilterFactory
Sep 24, 2010 1:52:24 PM org.apache.solr.util.plugin.AbstractPluginLoader load
INFO: created null: org.apache.solr.analysis.StopFilterFactory
Sep 24, 2010 1:52:24 PM org.apache.solr.util.plugin.AbstractPluginLoader load
INFO: created null: org.apache.solr.analysis.SynonymFilterFactory
Sep 24, 2010 1:52:24 PM org.apache.solr.util.plugin.AbstractPluginLoader load
INFO: created null: org.apache.solr.analysis.WordDelimiterFilterFactory
Sep 24, 2010 1:52:24 PM org.apache.solr.util.plugin.AbstractPluginLoader load
INFO: created null: org.apache.solr.analysis.LowerCaseFilterFactory
Sep 24, 2010 1:52:24 PM org.apache.solr.util.plugin.AbstractPluginLoader load
INFO: created null: org.apache.solr.analysis.PorterStemFilterFactory
Sep 24, 2010 1:52:24 PM org.apache.solr.util.plugin.AbstractPluginLoader load
INFO: created null: org.apache.solr.analysis.RemoveDuplicatesTokenFilterFactory
Sep 24, 2010 1:52:24 PM org.apache.solr.util.plugin.AbstractPluginLoader load
INFO: created text: org.apache.solr.schema.TextField
Sep 24, 2010 1:52:24 PM org.apache.solr.schema.IndexSchema readSchema
INFO: default search field is description
Sep 24, 2010 1:52:24 PM org.apache.solr.schema.IndexSchema readSchema
INFO: unique key field: id
Sep 24, 2010 1:52:31 PM org.apache.solr.core.SolrCore <init>
INFO: JMX monitoring not detected for core: null
Sep 24, 2010 1:52:31 PM org.apache.solr.core.SolrCore initListeners
INFO: Added SolrEventListener: org.apache.solr.core.QuerySenderListener{queries=[]}
Sep 24, 2010 1:52:31 PM org.apache.solr.core.SolrCore initListeners
INFO: Added SolrEventListener: org.apache.solr.core.QuerySenderListener{queries=[{q=Cambio,start=0,rows=10}, {q=Connect}]}
Sep 24, 2010 1:52:31 PM org.apache.solr.request.XSLTResponseWriter init
INFO: xsltCacheLifetimeSeconds=5
Sep 24, 2010 1:52:31 PM org.apache.solr.core.RequestHandlers initHandlersFromConfig
INFO: created /lucene: solr.SearchHandler
Sep 24, 2010 1:52:31 PM org.apache.solr.core.RequestHandlers initHandlersFromConfig
INFO: created /replication: solr.ReplicationHandler
Sep 24, 2010 1:52:31 PM org.apache.solr.core.RequestHandlers initHandlersFromConfig
INFO: created /dismax: solr.SearchHandler
Sep 24, 2010 1:52:32 PM org.apache.solr.core.RequestHandlers initHandlersFromConfig
INFO: created /update: solr.XmlUpdateRequestHandler
Sep 24, 2010 1:52:32 PM org.apache.solr.core.RequestHandlers initHandlersFromConfig
INFO: created /analysis/document: solr.DocumentAnalysisRequestHandler
Sep 24, 2010 1:52:32 PM org.apache.solr.core.RequestHandlers initHandlersFromConfig
INFO: created /analysis/field: solr.FieldAnalysisRequestHandler
Sep 24, 2010 1:52:32 PM org.apache.solr.core.RequestHandlers initHandlersFromConfig
INFO: created /admin/luke: org.apache.solr.handler.admin.LukeRequestHandler
Sep 24, 2010 1:52:32 PM org.apache.solr.core.RequestHandlers initHandlersFromConfig
INFO: created /admin/system: org.apache.solr.handler.admin.SystemInfoHandler
Sep 24, 2010 1:52:32 PM org.apache.solr.core.RequestHandlers initHandlersFromConfig
INFO: created /admin/plugins: org.apache.solr.handler.admin.PluginInfoHandler
Sep 24, 2010 1:52:32 PM org.apache.solr.core.RequestHandlers initHandlersFromConfig
INFO: created /admin/threads: org.apache.solr.handler.admin.ThreadDumpHandler
Sep 24, 2010 1:52:32 PM org.apache.solr.core.RequestHandlers initHandlersFromConfig
INFO: created /admin/properties: org.apache.solr.handler.admin.PropertiesRequestHandler
Sep 24, 2010 1:52:32 PM org.apache.solr.core.RequestHandlers initHandlersFromConfig
INFO: created /admin/file: org.apache.solr.handler.admin.ShowFileRequestHandler
Sep 24, 2010 1:52:32 PM org.apache.solr.core.RequestHandlers initHandlersFromConfig
INFO: created /ping: PingRequestHandler
Sep 24, 2010 1:52:32 PM org.apache.solr.search.SolrIndexSearcher <init>
INFO: Opening Searcher@19ed13da main
Sep 24, 2010 1:52:32 PM org.apache.solr.update.DirectUpdateHandler2$CommitTracker <init>
INFO: AutoCommit: disabled
Sep 24, 2010 1:52:32 PM org.apache.solr.handler.component.SearchHandler inform
INFO: Adding  component:org.apache.solr.handler.component.QueryComponent@6ef36e59
Sep 24, 2010 1:52:32 PM org.apache.solr.handler.component.SearchHandler inform
INFO: Adding  component:org.apache.solr.handler.component.FacetComponent@2fd1cdf7
Sep 24, 2010 1:52:32 PM org.apache.solr.handler.component.SearchHandler inform
INFO: Adding  component:org.apache.solr.handler.component.MoreLikeThisComponent@77292ba7
Sep 24, 2010 1:52:32 PM org.apache.solr.handler.component.SearchHandler inform
INFO: Adding  component:org.apache.solr.handler.component.HighlightComponent@2ff11e0f
Sep 24, 2010 1:52:32 PM org.apache.solr.handler.component.SearchHandler inform
INFO: Adding  component:org.apache.solr.handler.component.StatsComponent@7eec835f
Sep 24, 2010 1:52:32 PM org.apache.solr.handler.component.SearchHandler inform
INFO: Adding  debug component:org.apache.solr.handler.component.DebugComponent@59a51312
Sep 24, 2010 1:52:32 PM org.apache.solr.handler.component.SearchHandler inform
INFO: Adding  component:org.apache.solr.handler.component.QueryComponent@6ef36e59
Sep 24, 2010 1:52:32 PM org.apache.solr.handler.component.SearchHandler inform
INFO: Adding  component:org.apache.solr.handler.component.FacetComponent@2fd1cdf7
Sep 24, 2010 1:52:32 PM org.apache.solr.handler.component.SearchHandler inform
INFO: Adding  component:org.apache.solr.handler.component.MoreLikeThisComponent@77292ba7
Sep 24, 2010 1:52:32 PM org.apache.solr.handler.component.SearchHandler inform
INFO: Adding  component:org.apache.solr.handler.component.HighlightComponent@2ff11e0f
Sep 24, 2010 1:52:32 PM org.apache.solr.handler.component.SearchHandler inform
INFO: Adding  component:org.apache.solr.handler.component.StatsComponent@7eec835f
Sep 24, 2010 1:52:32 PM org.apache.solr.handler.component.SearchHandler inform
INFO: Adding  debug component:org.apache.solr.handler.component.DebugComponent@59a51312
Sep 24, 2010 1:52:32 PM org.apache.solr.core.QuerySenderListener newSearcher
INFO: QuerySenderListener sending requests to Searcher@19ed13da main
Sep 24, 2010 1:52:32 PM org.apache.solr.core.CoreContainer register
INFO: registering core: 
Sep 24, 2010 1:52:32 PM org.apache.solr.servlet.SolrDispatchFilter init
INFO: user.dir=/Users/bradfordcp/Projects/java/jetty-6.1.25
Sep 24, 2010 1:52:32 PM org.apache.solr.servlet.SolrDispatchFilter init
INFO: SolrDispatchFilter.init() done
Sep 24, 2010 1:52:32 PM org.apache.solr.core.SolrCore execute
INFO: [] webapp=null path=null params={start=0&event=firstSearcher&q=Cambio&rows=10} hits=261 status=0 QTime=178 
Sep 24, 2010 1:52:32 PM org.apache.solr.servlet.SolrServlet init
INFO: SolrServlet.init()
Sep 24, 2010 1:52:32 PM org.apache.solr.core.SolrResourceLoader locateSolrHome
INFO: No /solr/home in JNDI
Sep 24, 2010 1:52:32 PM org.apache.solr.core.SolrResourceLoader locateSolrHome
INFO: solr home defaulted to 'solr/' (could not find system property or JNDI)
Sep 24, 2010 1:52:32 PM org.apache.solr.servlet.SolrServlet init
INFO: SolrServlet.init() done
Sep 24, 2010 1:52:32 PM org.apache.solr.core.SolrResourceLoader locateSolrHome
INFO: No /solr/home in JNDI
Sep 24, 2010 1:52:32 PM org.apache.solr.core.SolrResourceLoader locateSolrHome
INFO: solr home defaulted to 'solr/' (could not find system property or JNDI)
Sep 24, 2010 1:52:32 PM org.apache.solr.servlet.SolrUpdateServlet init
INFO: SolrUpdateServlet.init() done
2010-09-24 13:52:32.981:WARN::Web application not found /Users/bradfordcp/Projects/java/jetty-6.1.25/webapps/test
Sep 24, 2010 1:52:32 PM org.apache.solr.core.SolrCore execute
INFO: [] webapp=null path=null params={event=firstSearcher&q=Connect} hits=207 status=0 QTime=20 
Sep 24, 2010 1:52:32 PM org.apache.solr.core.QuerySenderListener newSearcher
INFO: QuerySenderListener done.
Sep 24, 2010 1:52:32 PM org.apache.solr.core.SolrCore registerSearcher
INFO: [] Registered new searcher Searcher@19ed13da main
2010-09-24 13:52:32.982:WARN::Failed startup of context org.mortbay.jetty.webapp.WebAppContext@656de49c{/,/Users/bradfordcp/Projects/java/jetty-6.1.25/webapps/test}
java.io.FileNotFoundException: /Users/bradfordcp/Projects/java/jetty-6.1.25/webapps/test
	at org.mortbay.jetty.webapp.WebAppContext.resolveWebApp(WebAppContext.java:987)
	at org.mortbay.jetty.webapp.WebAppContext.getWebInf(WebAppContext.java:822)
	at org.mortbay.jetty.webapp.WebInfConfiguration.configureClassLoader(WebInfConfiguration.java:62)
	at org.mortbay.jetty.webapp.WebAppContext.doStart(WebAppContext.java:479)
	at org.mortbay.component.AbstractLifeCycle.start(AbstractLifeCycle.java:50)
	at org.mortbay.jetty.handler.HandlerCollection.doStart(HandlerCollection.java:152)
	at org.mortbay.jetty.handler.ContextHandlerCollection.doStart(ContextHandlerCollection.java:156)
	at org.mortbay.component.AbstractLifeCycle.start(AbstractLifeCycle.java:50)
	at org.mortbay.jetty.handler.HandlerCollection.doStart(HandlerCollection.java:152)
	at org.mortbay.component.AbstractLifeCycle.start(AbstractLifeCycle.java:50)
	at org.mortbay.jetty.handler.HandlerWrapper.doStart(HandlerWrapper.java:130)
	at org.mortbay.jetty.Server.doStart(Server.java:224)
	at org.mortbay.component.AbstractLifeCycle.start(AbstractLifeCycle.java:50)
	at org.mortbay.xml.XmlConfiguration.main(XmlConfiguration.java:985)
	at sun.reflect.NativeMethodAccessorImpl.invoke0(Native Method)
	at sun.reflect.NativeMethodAccessorImpl.invoke(NativeMethodAccessorImpl.java:39)
	at sun.reflect.DelegatingMethodAccessorImpl.invoke(DelegatingMethodAccessorImpl.java:25)
	at java.lang.reflect.Method.invoke(Method.java:597)
	at org.mortbay.start.Main.invokeMain(Main.java:194)
	at org.mortbay.start.Main.start(Main.java:534)
	at org.mortbay.start.Main.start(Main.java:441)
	at org.mortbay.start.Main.main(Main.java:119)
2010-09-24 13:52:32.990:INFO::Opened /Users/bradfordcp/Projects/java/jetty-6.1.25/logs/2010_09_24.request.log
2010-09-24 13:52:33.040:INFO::Started SelectChannelConnector@0.0.0.0:8080
Sep 24, 2010 1:59:54 PM org.apache.solr.core.SolrCore execute
INFO: [] webapp= path=/select/ params={json.wrf=jsonp1285351193213&facet=true&start=0&q=jonas&facet.field=h_type&wt=json&version=2.2&rows=10} hits=163 status=0 QTime=421 
Sep 24, 2010 2:01:38 PM org.apache.solr.core.SolrCore execute
INFO: [] webapp= path=/select/ params={json.wrf=jsonp1285351296310&facet=true&start=0&q=jonas&facet.field=h_type&wt=json&version=2.2&rows=10} hits=163 status=0 QTime=1 
Sep 24, 2010 2:02:07 PM org.apache.solr.core.SolrCore execute
INFO: [] webapp= path=/select/ params={json.wrf=jsonp1285351325044&facet=true&start=0&q=jonas&facet.field=h_type&wt=json&version=2.2&rows=10} hits=163 status=0 QTime=2 
Sep 24, 2010 2:10:22 PM org.apache.solr.core.SolrCore execute
INFO: [] webapp= path=/select/ params={json.wrf=jsonp1285351815675&facet=true&start=0&q=jonas&facet.field=h_type&wt=json&version=2.2&rows=10} hits=163 status=0 QTime=2 
Sep 24, 2010 2:10:44 PM org.apache.solr.core.SolrCore execute
INFO: [] webapp= path=/select/ params={json.wrf=jsonp1285351842560&facet=true&start=0&q=jonas&facet.field=h_type&wt=json&version=2.2&rows=10} hits=163 status=0 QTime=2 
Sep 24, 2010 2:11:56 PM org.apache.solr.core.SolrCore execute
INFO: [] webapp= path=/select/ params={json.wrf=jsonp1285351913146&facet=true&start=0&q=jonas&facet.field=h_type&wt=json&version=2.2&rows=10} hits=163 status=0 QTime=2 
Sep 24, 2010 2:12:50 PM org.apache.solr.core.SolrCore execute
INFO: [] webapp= path=/select/ params={json.wrf=jsonp1285351968764&facet=true&start=0&q=jonas&facet.field=h_type&wt=json&version=2.2&rows=10} hits=163 status=0 QTime=1 
Sep 24, 2010 2:12:54 PM org.apache.solr.core.SolrCore execute
INFO: [] webapp= path=/select/ params={json.wrf=jsonp1285351972624&facet=true&start=0&q=jonas&facet.field=h_type&wt=json&version=2.2&rows=10} hits=163 status=0 QTime=1 
Sep 24, 2010 2:13:19 PM org.apache.solr.core.SolrCore execute
INFO: [] webapp= path=/select/ params={json.wrf=jsonp1285351997467&facet=true&start=0&q=jonas&facet.field=h_type&wt=json&version=2.2&rows=10} hits=163 status=0 QTime=1 
Sep 24, 2010 2:13:25 PM org.apache.solr.core.SolrCore execute
INFO: [] webapp= path=/select/ params={json.wrf=jsonp1285352001281&facet=true&start=0&q=jonas&facet.field=h_type&wt=json&version=2.2&rows=10} hits=163 status=0 QTime=1 
Sep 24, 2010 2:14:47 PM org.apache.solr.core.SolrCore execute
INFO: [] webapp= path=/select/ params={json.wrf=jsonp1285352085973&facet=true&start=0&q=jonas&facet.field=h_type&wt=json&version=2.2&rows=10} hits=163 status=0 QTime=2 
Sep 24, 2010 2:16:09 PM org.apache.solr.core.SolrCore execute
INFO: [] webapp= path=/select/ params={json.wrf=jsonp1285352167063&facet=true&start=0&q=jonas&facet.field=h_type&wt=json&version=2.2&rows=10} hits=163 status=0 QTime=2 
Sep 24, 2010 2:16:22 PM org.apache.solr.core.SolrCore execute
INFO: [] webapp= path=/select/ params={json.wrf=jsonp1285352180784&facet=true&start=0&q=jonas&facet.field=h_type&wt=json&version=2.2&rows=10} hits=163 status=0 QTime=1 
Sep 24, 2010 2:16:32 PM org.apache.solr.core.SolrCore execute
INFO: [] webapp= path=/select/ params={json.wrf=jsonp1285352190612&facet=true&start=0&q=jonas&facet.field=h_type&wt=json&version=2.2&rows=10} hits=163 status=0 QTime=2 
Sep 24, 2010 2:17:16 PM org.apache.solr.core.SolrCore execute
INFO: [] webapp= path=/select/ params={json.wrf=jsonp1285352235707&facet=true&start=0&q=Jonas&facet.field=h_type&wt=json&version=2.2&rows=10} hits=163 status=0 QTime=4 
Sep 24, 2010 2:17:18 PM org.apache.solr.core.SolrCore execute
INFO: [] webapp= path=/select/ params={json.wrf=jsonp1285352235708&facet=true&start=10&q=Jonas&facet.field=h_type&wt=json&version=2.2&rows=10} hits=163 status=0 QTime=18 
Sep 24, 2010 2:17:18 PM org.apache.solr.core.SolrCore execute
INFO: [] webapp= path=/select/ params={json.wrf=jsonp1285352235709&facet=true&start=20&q=Jonas&facet.field=h_type&wt=json&version=2.2&rows=10} hits=163 status=0 QTime=8 
Sep 24, 2010 2:17:18 PM org.apache.solr.core.SolrCore execute
INFO: [] webapp= path=/select/ params={json.wrf=jsonp1285352235710&facet=true&start=30&q=Jonas&facet.field=h_type&wt=json&version=2.2&rows=10} hits=163 status=0 QTime=37 
Sep 24, 2010 2:17:19 PM org.apache.solr.core.SolrCore execute
INFO: [] webapp= path=/select/ params={json.wrf=jsonp1285352235711&facet=true&start=40&q=Jonas&facet.field=h_type&wt=json&version=2.2&rows=10} hits=163 status=0 QTime=435 
Sep 24, 2010 2:17:19 PM org.apache.solr.core.SolrCore execute
INFO: [] webapp= path=/select/ params={json.wrf=jsonp1285352235712&facet=true&start=50&q=Jonas&facet.field=h_type&wt=json&version=2.2&rows=10} hits=163 status=0 QTime=15 
Sep 24, 2010 2:17:19 PM org.apache.solr.core.SolrCore execute
INFO: [] webapp= path=/select/ params={json.wrf=jsonp1285352235713&facet=true&start=60&q=Jonas&facet.field=h_type&wt=json&version=2.2&rows=10} hits=163 status=0 QTime=7 
Sep 24, 2010 2:17:19 PM org.apache.solr.core.SolrCore execute
INFO: [] webapp= path=/select/ params={json.wrf=jsonp1285352235714&facet=true&start=70&q=Jonas&facet.field=h_type&wt=json&version=2.2&rows=10} hits=163 status=0 QTime=6 
Sep 24, 2010 2:17:20 PM org.apache.solr.core.SolrCore execute
INFO: [] webapp= path=/select/ params={json.wrf=jsonp1285352235715&facet=true&start=80&q=Jonas&facet.field=h_type&wt=json&version=2.2&rows=10} hits=163 status=0 QTime=6 
Sep 24, 2010 2:17:20 PM org.apache.solr.core.SolrCore execute
INFO: [] webapp= path=/select/ params={json.wrf=jsonp1285352235716&facet=true&start=90&q=Jonas&facet.field=h_type&wt=json&version=2.2&rows=10} hits=163 status=0 QTime=270 
Sep 24, 2010 2:17:20 PM org.apache.solr.core.SolrCore execute
INFO: [] webapp= path=/select/ params={json.wrf=jsonp1285352235717&facet=true&start=100&q=Jonas&facet.field=h_type&wt=json&version=2.2&rows=10} hits=163 status=0 QTime=12 
Sep 24, 2010 2:17:20 PM org.apache.solr.core.SolrCore execute
INFO: [] webapp= path=/select/ params={json.wrf=jsonp1285352235718&facet=true&start=110&q=Jonas&facet.field=h_type&wt=json&version=2.2&rows=10} hits=163 status=0 QTime=4 
Sep 24, 2010 2:17:20 PM org.apache.solr.core.SolrCore execute
INFO: [] webapp= path=/select/ params={json.wrf=jsonp1285352235719&facet=true&start=120&q=Jonas&facet.field=h_type&wt=json&version=2.2&rows=10} hits=163 status=0 QTime=9 
Sep 24, 2010 2:17:20 PM org.apache.solr.core.SolrCore execute
INFO: [] webapp= path=/select/ params={json.wrf=jsonp1285352235720&facet=true&start=130&q=Jonas&facet.field=h_type&wt=json&version=2.2&rows=10} hits=163 status=0 QTime=8 
Sep 24, 2010 2:17:20 PM org.apache.solr.core.SolrCore execute
INFO: [] webapp= path=/select/ params={json.wrf=jsonp1285352235721&facet=true&start=140&q=Jonas&facet.field=h_type&wt=json&version=2.2&rows=10} hits=163 status=0 QTime=16 
Sep 24, 2010 2:17:20 PM org.apache.solr.core.SolrCore execute
INFO: [] webapp= path=/select/ params={json.wrf=jsonp1285352235722&facet=true&start=150&q=Jonas&facet.field=h_type&wt=json&version=2.2&rows=10} hits=163 status=0 QTime=3 
Sep 24, 2010 2:17:21 PM org.apache.solr.core.SolrCore execute
INFO: [] webapp= path=/select/ params={json.wrf=jsonp1285352235723&facet=true&start=160&q=Jonas&facet.field=h_type&wt=json&version=2.2&rows=10} hits=163 status=0 QTime=45 
Sep 24, 2010 2:17:36 PM org.apache.solr.core.SolrCore execute
INFO: [] webapp= path=/select/ params={json.wrf=jsonp1285352255828&facet=true&start=0&q=Jonas&facet.field=h_type&wt=json&version=2.2&rows=10} hits=163 status=0 QTime=4 
Sep 24, 2010 2:20:00 PM org.apache.solr.core.SolrCore execute
INFO: [] webapp= path=/select/ params={json.wrf=jsonp1285352399749&facet=true&start=0&q=Jonas&facet.field=h_type&wt=json&version=2.2&rows=10} hits=163 status=0 QTime=2 
Sep 24, 2010 2:20:37 PM org.apache.solr.core.SolrCore execute
INFO: [] webapp= path=/select/ params={json.wrf=jsonp1285352436424&facet=true&start=0&q=Jonas&facet.field=h_type&wt=json&version=2.2&rows=10} hits=163 status=0 QTime=1 
Sep 24, 2010 2:20:44 PM org.apache.solr.core.SolrCore execute
INFO: [] webapp= path=/select/ params={json.wrf=jsonp1285352436425&facet=true&start=10&q=Jonas&facet.field=h_type&wt=json&version=2.2&rows=10} hits=163 status=0 QTime=2 
Sep 24, 2010 2:20:44 PM org.apache.solr.core.SolrCore execute
INFO: [] webapp= path=/select/ params={json.wrf=jsonp1285352436426&facet=true&start=20&q=Jonas&facet.field=h_type&wt=json&version=2.2&rows=10} hits=163 status=0 QTime=2 
Sep 24, 2010 2:20:44 PM org.apache.solr.core.SolrCore execute
INFO: [] webapp= path=/select/ params={json.wrf=jsonp1285352436427&facet=true&start=30&q=Jonas&facet.field=h_type&wt=json&version=2.2&rows=10} hits=163 status=0 QTime=1 
Sep 24, 2010 2:20:44 PM org.apache.solr.core.SolrCore execute
INFO: [] webapp= path=/select/ params={json.wrf=jsonp1285352436428&facet=true&start=40&q=Jonas&facet.field=h_type&wt=json&version=2.2&rows=10} hits=163 status=0 QTime=1 
Sep 24, 2010 2:20:44 PM org.apache.solr.core.SolrCore execute
INFO: [] webapp= path=/select/ params={json.wrf=jsonp1285352436429&facet=true&start=50&q=Jonas&facet.field=h_type&wt=json&version=2.2&rows=10} hits=163 status=0 QTime=1 
Sep 24, 2010 2:22:17 PM org.apache.solr.core.SolrCore execute
INFO: [] webapp= path=/select/ params={json.wrf=jsonp1285352537393&facet=true&start=0&q=Jonas&facet.field=h_type&wt=json&version=2.2&rows=10} hits=163 status=0 QTime=13 
Sep 24, 2010 2:22:19 PM org.apache.solr.core.SolrCore execute
INFO: [] webapp= path=/select/ params={json.wrf=jsonp1285352537394&facet=true&start=10&q=Jonas&facet.field=h_type&wt=json&version=2.2&rows=10} hits=163 status=0 QTime=2 
Sep 24, 2010 2:22:19 PM org.apache.solr.core.SolrCore execute
INFO: [] webapp= path=/select/ params={json.wrf=jsonp1285352537395&facet=true&start=20&q=Jonas&facet.field=h_type&wt=json&version=2.2&rows=10} hits=163 status=0 QTime=1 
Sep 24, 2010 2:22:19 PM org.apache.solr.core.SolrCore execute
INFO: [] webapp= path=/select/ params={json.wrf=jsonp1285352537396&facet=true&start=30&q=Jonas&facet.field=h_type&wt=json&version=2.2&rows=10} hits=163 status=0 QTime=1 
Sep 24, 2010 2:22:19 PM org.apache.solr.core.SolrCore execute
INFO: [] webapp= path=/select/ params={json.wrf=jsonp1285352537397&facet=true&start=40&q=Jonas&facet.field=h_type&wt=json&version=2.2&rows=10} hits=163 status=0 QTime=1 
Sep 24, 2010 2:22:20 PM org.apache.solr.core.SolrCore execute
INFO: [] webapp= path=/select/ params={json.wrf=jsonp1285352537398&facet=true&start=50&q=Jonas&facet.field=h_type&wt=json&version=2.2&rows=10} hits=163 status=0 QTime=2 
Sep 24, 2010 2:22:20 PM org.apache.solr.core.SolrCore execute
INFO: [] webapp= path=/select/ params={json.wrf=jsonp1285352537399&facet=true&start=60&q=Jonas&facet.field=h_type&wt=json&version=2.2&rows=10} hits=163 status=0 QTime=1 
Sep 24, 2010 2:22:20 PM org.apache.solr.core.SolrCore execute
INFO: [] webapp= path=/select/ params={json.wrf=jsonp1285352537400&facet=true&start=70&q=Jonas&facet.field=h_type&wt=json&version=2.2&rows=10} hits=163 status=0 QTime=4 
Sep 24, 2010 2:22:20 PM org.apache.solr.core.SolrCore execute
INFO: [] webapp= path=/select/ params={json.wrf=jsonp1285352537401&facet=true&start=80&q=Jonas&facet.field=h_type&wt=json&version=2.2&rows=10} hits=163 status=0 QTime=1 
Sep 24, 2010 2:22:20 PM org.apache.solr.core.SolrCore execute
INFO: [] webapp= path=/select/ params={json.wrf=jsonp1285352537402&facet=true&start=90&q=Jonas&facet.field=h_type&wt=json&version=2.2&rows=10} hits=163 status=0 QTime=1 
Sep 24, 2010 2:22:20 PM org.apache.solr.core.SolrCore execute
INFO: [] webapp= path=/select/ params={json.wrf=jsonp1285352537403&facet=true&start=100&q=Jonas&facet.field=h_type&wt=json&version=2.2&rows=10} hits=163 status=0 QTime=8 
Sep 24, 2010 2:22:20 PM org.apache.solr.core.SolrCore execute
INFO: [] webapp= path=/select/ params={json.wrf=jsonp1285352537404&facet=true&start=110&q=Jonas&facet.field=h_type&wt=json&version=2.2&rows=10} hits=163 status=0 QTime=1 
Sep 24, 2010 2:22:21 PM org.apache.solr.core.SolrCore execute
INFO: [] webapp= path=/select/ params={json.wrf=jsonp1285352537405&facet=true&start=120&q=Jonas&facet.field=h_type&wt=json&version=2.2&rows=10} hits=163 status=0 QTime=1 
Sep 24, 2010 2:23:19 PM org.apache.solr.core.SolrCore execute
INFO: [] webapp= path=/select/ params={json.wrf=jsonp1285352595703&facet=true&start=0&q=jonas&facet.field=h_type&wt=json&version=2.2&rows=10} hits=163 status=0 QTime=1 
Sep 24, 2010 2:23:32 PM org.apache.solr.core.SolrCore execute
INFO: [] webapp= path=/select/ params={json.wrf=jsonp1285352612047&facet=true&start=0&q=Jonas&facet.field=h_type&wt=json&version=2.2&rows=10} hits=163 status=0 QTime=1 
Sep 24, 2010 2:23:33 PM org.apache.solr.core.SolrCore execute
INFO: [] webapp= path=/select/ params={json.wrf=jsonp1285352610156&facet=true&start=0&q=jonas&facet.field=h_type&wt=json&version=2.2&rows=10} hits=163 status=0 QTime=1 
Sep 24, 2010 2:23:33 PM org.apache.solr.core.SolrCore execute
INFO: [] webapp= path=/select/ params={json.wrf=jsonp1285352612048&facet=true&start=10&q=Jonas&facet.field=h_type&wt=json&version=2.2&rows=10} hits=163 status=0 QTime=1 
Sep 24, 2010 2:23:34 PM org.apache.solr.core.SolrCore execute
INFO: [] webapp= path=/select/ params={json.wrf=jsonp1285352612049&facet=true&start=20&q=Jonas&facet.field=h_type&wt=json&version=2.2&rows=10} hits=163 status=0 QTime=1 
Sep 24, 2010 2:23:34 PM org.apache.solr.core.SolrCore execute
INFO: [] webapp= path=/select/ params={json.wrf=jsonp1285352612050&facet=true&start=30&q=Jonas&facet.field=h_type&wt=json&version=2.2&rows=10} hits=163 status=0 QTime=1 
Sep 24, 2010 2:23:34 PM org.apache.solr.core.SolrCore execute
INFO: [] webapp= path=/select/ params={json.wrf=jsonp1285352612051&facet=true&start=40&q=Jonas&facet.field=h_type&wt=json&version=2.2&rows=10} hits=163 status=0 QTime=3 
Sep 24, 2010 2:23:34 PM org.apache.solr.core.SolrCore execute
INFO: [] webapp= path=/select/ params={json.wrf=jsonp1285352612052&facet=true&start=50&q=Jonas&facet.field=h_type&wt=json&version=2.2&rows=10} hits=163 status=0 QTime=2 
Sep 24, 2010 2:23:34 PM org.apache.solr.core.SolrCore execute
INFO: [] webapp= path=/select/ params={json.wrf=jsonp1285352612053&facet=true&start=60&q=Jonas&facet.field=h_type&wt=json&version=2.2&rows=10} hits=163 status=0 QTime=1 
Sep 24, 2010 2:23:34 PM org.apache.solr.core.SolrCore execute
INFO: [] webapp= path=/select/ params={json.wrf=jsonp1285352612054&facet=true&start=70&q=Jonas&facet.field=h_type&wt=json&version=2.2&rows=10} hits=163 status=0 QTime=1 
Sep 24, 2010 2:23:50 PM org.apache.solr.core.SolrCore execute
INFO: [] webapp= path=/select/ params={json.wrf=jsonp1285352627921&facet=true&start=0&q=jonas&facet.field=h_type&wt=json&version=2.2&rows=10} hits=163 status=0 QTime=1 
Sep 24, 2010 2:24:11 PM org.apache.solr.core.SolrCore execute
INFO: [] webapp= path=/select/ params={json.wrf=jsonp1285352650086&facet=true&start=0&q=Jonas&facet.field=h_type&wt=json&version=2.2&rows=10} hits=163 status=0 QTime=1 
Sep 24, 2010 2:24:22 PM org.apache.solr.core.SolrCore execute
INFO: [] webapp= path=/select/ params={json.wrf=jsonp1285352662077&facet=true&start=0&q=Jonas&facet.field=h_type&wt=json&version=2.2&rows=10} hits=163 status=0 QTime=1 
Sep 24, 2010 2:24:24 PM org.apache.solr.core.SolrCore execute
INFO: [] webapp= path=/select/ params={json.wrf=jsonp1285352662078&facet=true&start=10&q=Jonas&facet.field=h_type&wt=json&version=2.2&rows=10} hits=163 status=0 QTime=1 
Sep 24, 2010 2:24:24 PM org.apache.solr.core.SolrCore execute
INFO: [] webapp= path=/select/ params={json.wrf=jsonp1285352662079&facet=true&start=20&q=Jonas&facet.field=h_type&wt=json&version=2.2&rows=10} hits=163 status=0 QTime=2 
Sep 24, 2010 2:24:24 PM org.apache.solr.core.SolrCore execute
INFO: [] webapp= path=/select/ params={json.wrf=jsonp1285352662080&facet=true&start=30&q=Jonas&facet.field=h_type&wt=json&version=2.2&rows=10} hits=163 status=0 QTime=2 
Sep 24, 2010 2:24:29 PM org.apache.solr.core.SolrCore execute
INFO: [] webapp= path=/select/ params={json.wrf=jsonp1285352667526&facet=true&start=0&q=dddd&facet.field=h_type&wt=json&version=2.2&rows=10} hits=0 status=0 QTime=10 
Sep 24, 2010 2:24:37 PM org.apache.solr.core.SolrCore execute
INFO: [] webapp= path=/select/ params={json.wrf=jsonp1285352675993&facet=true&start=0&q=jonas&facet.field=h_type&wt=json&version=2.2&rows=10} hits=163 status=0 QTime=1 
Sep 24, 2010 2:24:39 PM org.apache.solr.core.SolrCore execute
INFO: [] webapp= path=/select/ params={json.wrf=jsonp1285352675994&facet=true&start=10&q=jonas&facet.field=h_type&wt=json&version=2.2&rows=10} hits=163 status=0 QTime=1 
Sep 24, 2010 2:24:40 PM org.apache.solr.core.SolrCore execute
INFO: [] webapp= path=/select/ params={json.wrf=jsonp1285352675995&facet=true&start=20&q=jonas&facet.field=h_type&wt=json&version=2.2&rows=10} hits=163 status=0 QTime=13 
Sep 24, 2010 2:24:41 PM org.apache.solr.core.SolrCore execute
INFO: [] webapp= path=/select/ params={json.wrf=jsonp1285352675996&facet=true&start=30&q=jonas&facet.field=h_type&wt=json&version=2.2&rows=10} hits=163 status=0 QTime=3 
Sep 24, 2010 2:24:42 PM org.apache.solr.core.SolrCore execute
INFO: [] webapp= path=/select/ params={json.wrf=jsonp1285352675997&facet=true&start=40&q=jonas&facet.field=h_type&wt=json&version=2.2&rows=10} hits=163 status=0 QTime=3 
Sep 24, 2010 2:24:43 PM org.apache.solr.core.SolrCore execute
INFO: [] webapp= path=/select/ params={json.wrf=jsonp1285352675998&facet=true&start=50&q=jonas&facet.field=h_type&wt=json&version=2.2&rows=10} hits=163 status=0 QTime=2 
Sep 24, 2010 2:24:45 PM org.apache.solr.core.SolrCore execute
INFO: [] webapp= path=/select/ params={json.wrf=jsonp1285352675999&facet=true&start=60&q=jonas&facet.field=h_type&wt=json&version=2.2&rows=10} hits=163 status=0 QTime=6 
Sep 24, 2010 2:24:46 PM org.apache.solr.core.SolrCore execute
INFO: [] webapp= path=/select/ params={json.wrf=jsonp1285352676000&facet=true&start=70&q=jonas&facet.field=h_type&wt=json&version=2.2&rows=10} hits=163 status=0 QTime=2 
Sep 24, 2010 2:24:47 PM org.apache.solr.core.SolrCore execute
INFO: [] webapp= path=/select/ params={json.wrf=jsonp1285352685860&facet=true&start=0&q=Jonas&facet.field=h_type&wt=json&version=2.2&rows=10} hits=163 status=0 QTime=1 
Sep 24, 2010 2:24:48 PM org.apache.solr.core.SolrCore execute
INFO: [] webapp= path=/select/ params={json.wrf=jsonp1285352676001&facet=true&start=80&q=jonas&facet.field=h_type&wt=json&version=2.2&rows=10} hits=163 status=0 QTime=160 
Sep 24, 2010 2:24:49 PM org.apache.solr.core.SolrCore execute
INFO: [] webapp= path=/select/ params={json.wrf=jsonp1285352676002&facet=true&start=90&q=jonas&facet.field=h_type&wt=json&version=2.2&rows=10} hits=163 status=0 QTime=1 
Sep 24, 2010 2:24:49 PM org.apache.solr.core.SolrCore execute
INFO: [] webapp= path=/select/ params={json.wrf=jsonp1285352676003&facet=true&start=100&q=jonas&facet.field=h_type&wt=json&version=2.2&rows=10} hits=163 status=0 QTime=2 
Sep 24, 2010 2:24:50 PM org.apache.solr.core.SolrCore execute
INFO: [] webapp= path=/select/ params={json.wrf=jsonp1285352676004&facet=true&start=110&q=jonas&facet.field=h_type&wt=json&version=2.2&rows=10} hits=163 status=0 QTime=2 
Sep 24, 2010 2:24:55 PM org.apache.solr.core.SolrCore execute
INFO: [] webapp= path=/select/ params={json.wrf=jsonp1285352676005&facet=true&start=120&q=jonas&facet.field=h_type&wt=json&version=2.2&rows=10} hits=163 status=0 QTime=289 
Sep 24, 2010 2:25:01 PM org.apache.solr.core.SolrCore execute
INFO: [] webapp= path=/select/ params={json.wrf=jsonp1285352676006&facet=true&start=130&q=jonas&facet.field=h_type&wt=json&version=2.2&rows=10} hits=163 status=0 QTime=1 
Sep 24, 2010 2:25:10 PM org.apache.solr.core.SolrCore execute
INFO: [] webapp= path=/select/ params={json.wrf=jsonp1285352685861&facet=true&start=10&q=Jonas&facet.field=h_type&wt=json&version=2.2&rows=10} hits=163 status=0 QTime=1 
Sep 24, 2010 2:25:15 PM org.apache.solr.core.SolrCore execute
INFO: [] webapp= path=/select/ params={json.wrf=jsonp1285352711554&facet=true&start=0&q=jonas&facet.field=h_type&wt=json&version=2.2&rows=10} hits=163 status=0 QTime=1 
Sep 24, 2010 2:25:35 PM org.apache.solr.core.SolrCore execute
INFO: [] webapp= path=/select/ params={json.wrf=jsonp1285352734297&facet=true&start=0&q=Jonas&facet.field=h_type&wt=json&version=2.2&rows=10} hits=163 status=0 QTime=1 
Sep 24, 2010 2:25:41 PM org.apache.solr.core.SolrCore execute
INFO: [] webapp= path=/select/ params={json.wrf=jsonp1285352734298&facet=true&start=10&q=Jonas&facet.field=h_type&wt=json&version=2.2&rows=10} hits=163 status=0 QTime=2 
Sep 24, 2010 2:25:41 PM org.apache.solr.core.SolrCore execute
INFO: [] webapp= path=/select/ params={json.wrf=jsonp1285352734299&facet=true&start=20&q=Jonas&facet.field=h_type&wt=json&version=2.2&rows=10} hits=163 status=0 QTime=1 
Sep 24, 2010 2:26:04 PM org.apache.solr.core.SolrCore execute
INFO: [] webapp= path=/select/ params={json.wrf=jsonp1285352761475&facet=true&start=0&q=jonas&facet.field=h_type&wt=json&version=2.2&rows=10} hits=163 status=0 QTime=2 
Sep 24, 2010 2:26:07 PM org.apache.solr.core.SolrCore execute
INFO: [] webapp= path=/select/ params={json.wrf=jsonp1285352761476&facet=true&start=10&q=jonas&facet.field=h_type&wt=json&version=2.2&rows=10} hits=163 status=0 QTime=2 
Sep 24, 2010 2:26:08 PM org.apache.solr.core.SolrCore execute
INFO: [] webapp= path=/select/ params={json.wrf=jsonp1285352761477&facet=true&start=20&q=jonas&facet.field=h_type&wt=json&version=2.2&rows=10} hits=163 status=0 QTime=2 
Sep 24, 2010 2:26:09 PM org.apache.solr.core.SolrCore execute
INFO: [] webapp= path=/select/ params={json.wrf=jsonp1285352761478&facet=true&start=30&q=jonas&facet.field=h_type&wt=json&version=2.2&rows=10} hits=163 status=0 QTime=1 
Sep 24, 2010 2:26:10 PM org.apache.solr.core.SolrCore execute
INFO: [] webapp= path=/select/ params={json.wrf=jsonp1285352761479&facet=true&start=40&q=jonas&facet.field=h_type&wt=json&version=2.2&rows=10} hits=163 status=0 QTime=1 
Sep 24, 2010 2:26:11 PM org.apache.solr.core.SolrCore execute
INFO: [] webapp= path=/select/ params={json.wrf=jsonp1285352761480&facet=true&start=50&q=jonas&facet.field=h_type&wt=json&version=2.2&rows=10} hits=163 status=0 QTime=2 
Sep 24, 2010 2:26:12 PM org.apache.solr.core.SolrCore execute
INFO: [] webapp= path=/select/ params={json.wrf=jsonp1285352761481&facet=true&start=60&q=jonas&facet.field=h_type&wt=json&version=2.2&rows=10} hits=163 status=0 QTime=2 
Sep 24, 2010 2:26:13 PM org.apache.solr.core.SolrCore execute
INFO: [] webapp= path=/select/ params={json.wrf=jsonp1285352761482&facet=true&start=70&q=jonas&facet.field=h_type&wt=json&version=2.2&rows=10} hits=163 status=0 QTime=1 
Sep 24, 2010 2:26:25 PM org.apache.solr.core.SolrCore execute
INFO: [] webapp= path=/select/ params={json.wrf=jsonp1285352783146&facet=true&start=0&q=Jonas&facet.field=h_type&wt=json&version=2.2&rows=10} hits=163 status=0 QTime=1 
Sep 24, 2010 2:26:28 PM org.apache.solr.core.SolrCore execute
INFO: [] webapp= path=/select/ params={json.wrf=jsonp1285352783147&facet=true&start=10&q=Jonas&facet.field=h_type&wt=json&version=2.2&rows=10} hits=163 status=0 QTime=1 
Sep 24, 2010 2:26:28 PM org.apache.solr.core.SolrCore execute
INFO: [] webapp= path=/select/ params={json.wrf=jsonp1285352783148&facet=true&start=20&q=Jonas&facet.field=h_type&wt=json&version=2.2&rows=10} hits=163 status=0 QTime=1 
Sep 24, 2010 2:28:17 PM org.apache.solr.core.SolrCore execute
INFO: [] webapp= path=/select/ params={json.wrf=jsonp1285352761483&facet=true&start=80&q=jonas&facet.field=h_type&wt=json&version=2.2&rows=10} hits=163 status=0 QTime=2 
Sep 24, 2010 2:28:18 PM org.apache.solr.core.SolrCore execute
INFO: [] webapp= path=/select/ params={json.wrf=jsonp1285352761484&facet=true&start=90&q=jonas&facet.field=h_type&wt=json&version=2.2&rows=10} hits=163 status=0 QTime=1 
Sep 24, 2010 2:28:19 PM org.apache.solr.core.SolrCore execute
INFO: [] webapp= path=/select/ params={json.wrf=jsonp1285352761485&facet=true&start=100&q=jonas&facet.field=h_type&wt=json&version=2.2&rows=10} hits=163 status=0 QTime=1 
Sep 24, 2010 2:28:21 PM org.apache.solr.core.SolrCore execute
INFO: [] webapp= path=/select/ params={json.wrf=jsonp1285352761486&facet=true&start=110&q=jonas&facet.field=h_type&wt=json&version=2.2&rows=10} hits=163 status=0 QTime=2 
Sep 24, 2010 2:28:22 PM org.apache.solr.core.SolrCore execute
INFO: [] webapp= path=/select/ params={json.wrf=jsonp1285352761487&facet=true&start=120&q=jonas&facet.field=h_type&wt=json&version=2.2&rows=10} hits=163 status=0 QTime=1 
Sep 24, 2010 2:31:06 PM org.apache.solr.core.SolrCore execute
INFO: [] webapp= path=/select/ params={json.wrf=jsonp1285353063119&facet=true&start=0&q=jonas&facet.field=h_type&wt=json&version=2.2&rows=10} hits=163 status=0 QTime=80 
Sep 24, 2010 2:31:07 PM org.apache.solr.core.SolrCore execute
INFO: [] webapp= path=/select/ params={json.wrf=jsonp1285353065925&facet=true&start=0&q=Connect&facet.field=h_type&wt=json&version=2.2&rows=10} hits=207 status=0 QTime=23 
Sep 24, 2010 2:31:11 PM org.apache.solr.core.SolrCore execute
INFO: [] webapp= path=/select/ params={json.wrf=jsonp1285353063120&facet=true&start=10&q=jonas&facet.field=h_type&wt=json&version=2.2&rows=10} hits=163 status=0 QTime=2 
Sep 24, 2010 2:31:18 PM org.apache.solr.core.SolrCore execute
INFO: [] webapp= path=/select/ params={json.wrf=jsonp1285353063121&facet=true&start=20&q=jonas&facet.field=h_type&wt=json&version=2.2&rows=10} hits=163 status=0 QTime=2 
Sep 24, 2010 2:31:27 PM org.apache.solr.core.SolrCore execute
INFO: [] webapp= path=/select/ params={json.wrf=jsonp1285353063122&facet=true&start=30&q=jonas&facet.field=h_type&wt=json&version=2.2&rows=10} hits=163 status=0 QTime=2 
Sep 24, 2010 2:31:30 PM org.apache.solr.core.SolrCore execute
INFO: [] webapp= path=/select/ params={json.wrf=jsonp1285353063123&facet=true&start=40&q=jonas&facet.field=h_type&wt=json&version=2.2&rows=10} hits=163 status=0 QTime=198 
Sep 24, 2010 2:31:32 PM org.apache.solr.core.SolrCore execute
INFO: [] webapp= path=/select/ params={json.wrf=jsonp1285353063124&facet=true&start=50&q=jonas&facet.field=h_type&wt=json&version=2.2&rows=10} hits=163 status=0 QTime=3 
Sep 24, 2010 2:31:49 PM org.apache.solr.core.SolrCore execute
INFO: [] webapp= path=/select/ params={json.wrf=jsonp1285353106118&facet=true&start=0&q=jonas&facet.field=h_type&wt=json&version=2.2&rows=10} hits=163 status=0 QTime=2 
Sep 24, 2010 2:32:06 PM org.apache.solr.core.SolrCore execute
INFO: [] webapp= path=/select/ params={json.wrf=jsonp1285353124789&facet=true&start=0&q=Connect&facet.field=h_type&wt=json&version=2.2&rows=10} hits=207 status=0 QTime=3 
Sep 24, 2010 2:32:42 PM org.apache.solr.core.SolrCore execute
INFO: [] webapp= path=/select/ params={json.wrf=jsonp1285353161892&facet=true&start=0&q=Connect&facet.field=h_type&wt=json&version=2.2&rows=10} hits=207 status=0 QTime=2 
Sep 24, 2010 2:32:44 PM org.apache.solr.core.SolrCore execute
INFO: [] webapp= path=/select/ params={json.wrf=jsonp1285353161579&facet=true&start=0&q=jonas&facet.field=h_type&wt=json&version=2.2&rows=10} hits=163 status=0 QTime=4 
Sep 24, 2010 2:32:53 PM org.apache.solr.core.SolrCore execute
INFO: [] webapp= path=/select/ params={json.wrf=jsonp1285353170644&facet=true&start=0&q=jonas&facet.field=h_type&wt=json&version=2.2&rows=10} hits=163 status=0 QTime=2 
Sep 24, 2010 2:33:09 PM org.apache.solr.core.SolrCore execute
INFO: [] webapp= path=/select/ params={json.wrf=jsonp1285353188741&facet=true&start=0&q=Connect&facet.field=h_type&wt=json&version=2.2&rows=10} hits=207 status=0 QTime=2 
Sep 24, 2010 2:33:14 PM org.apache.solr.core.SolrCore execute
INFO: [] webapp= path=/select/ params={json.wrf=jsonp1285353194048&facet=true&start=0&q=Connect&facet.field=h_type&wt=json&version=2.2&rows=10} hits=207 status=0 QTime=3 
Sep 24, 2010 2:34:03 PM org.apache.solr.core.SolrCore execute
INFO: [] webapp= path=/select/ params={json.wrf=jsonp1285353242696&facet=true&start=0&q=Connect&facet.field=h_type&wt=json&version=2.2&rows=10} hits=207 status=0 QTime=3 
Sep 24, 2010 2:34:10 PM org.apache.solr.core.SolrCore execute
INFO: [] webapp= path=/select/ params={json.wrf=jsonp1285353250025&facet=true&start=0&q=Connect&facet.field=h_type&wt=json&version=2.2&rows=10} hits=207 status=0 QTime=2 
Sep 24, 2010 2:34:54 PM org.apache.solr.core.SolrCore execute
INFO: [] webapp= path=/select/ params={json.wrf=jsonp1285353289980&facet=true&start=0&q=test&facet.field=h_type&wt=json&version=2.2&rows=10} hits=131 status=0 QTime=13 
Sep 24, 2010 2:35:22 PM org.apache.solr.core.SolrCore execute
INFO: [] webapp= path=/select/ params={json.wrf=jsonp1285353317886&facet=true&start=0&q=test&facet.field=h_type&wt=json&version=2.2&rows=10} hits=131 status=0 QTime=1 
Sep 24, 2010 2:35:50 PM org.apache.solr.core.SolrCore execute
INFO: [] webapp= path=/select/ params={json.wrf=jsonp1285353348063&facet=true&start=0&q=jonas&facet.field=h_type&wt=json&version=2.2&rows=10} hits=163 status=0 QTime=1 
Sep 24, 2010 2:36:05 PM org.apache.solr.core.SolrCore execute
INFO: [] webapp= path=/select/ params={json.wrf=jsonp1285353362000&facet=true&start=0&q=jonas&facet.field={!ex%3Dtype_tag}h_type&wt=json&fq={!tag%3Dtype_tag}h_type:news&version=2.2&rows=10} hits=110 status=0 QTime=33 
Sep 24, 2010 2:43:58 PM org.apache.solr.core.SolrCore execute
INFO: [] webapp= path=/select/ params={json.wrf=jsonp1285353837920&facet=true&start=0&q=Connect&facet.field=h_type&wt=json&version=2.2&rows=10} hits=207 status=0 QTime=1 
Sep 24, 2010 2:44:15 PM org.apache.solr.core.SolrCore execute
INFO: [] webapp= path=/select/ params={json.wrf=jsonp1285353851421&facet=true&start=0&q=jonas&facet.field={!ex%3Dtype_tag}h_type&wt=json&fq={!tag%3Dtype_tag}h_type:news&version=2.2&rows=10} hits=110 status=0 QTime=1 
Sep 24, 2010 2:44:51 PM org.apache.solr.core.SolrCore execute
INFO: [] webapp= path=/select/ params={json.wrf=jsonp1285353889988&facet=true&start=0&q=jonas&facet.field=h_type&wt=json&version=2.2&rows=10} hits=163 status=0 QTime=1 
Sep 24, 2010 2:45:13 PM org.apache.solr.core.SolrCore execute
INFO: [] webapp= path=/select/ params={json.wrf=jsonp1285353913485&facet=true&start=0&q=Connect&facet.field=h_type&wt=json&version=2.2&rows=10} hits=207 status=0 QTime=1 
Sep 24, 2010 2:45:19 PM org.apache.solr.core.SolrCore execute
INFO: [] webapp= path=/select/ params={json.wrf=jsonp1285353913486&facet=true&start=10&q=Connect&facet.field=h_type&wt=json&version=2.2&rows=10} hits=207 status=0 QTime=6 
Sep 24, 2010 2:45:20 PM org.apache.solr.core.SolrCore execute
INFO: [] webapp= path=/select/ params={json.wrf=jsonp1285353913487&facet=true&start=20&q=Connect&facet.field=h_type&wt=json&version=2.2&rows=10} hits=207 status=0 QTime=6 
Sep 24, 2010 2:45:29 PM org.apache.solr.core.SolrCore execute
INFO: [] webapp= path=/select/ params={json.wrf=jsonp1285353926818&facet=true&start=0&q=jonas&facet.field=h_type&wt=json&version=2.2&rows=10} hits=163 status=0 QTime=1 
Sep 24, 2010 2:47:07 PM org.apache.solr.core.SolrCore execute
INFO: [] webapp= path=/select/ params={json.wrf=jsonp1285354024609&facet=true&start=0&q=jonas&facet.field=h_type&wt=json&version=2.2&rows=10} hits=163 status=0 QTime=2 
Sep 24, 2010 2:47:20 PM org.apache.solr.core.SolrCore execute
INFO: [] webapp= path=/select/ params={json.wrf=jsonp1285354038078&facet=true&start=0&q=jonas&facet.field=h_type&wt=json&version=2.2&rows=10} hits=163 status=0 QTime=2 
Sep 24, 2010 2:47:49 PM org.apache.solr.core.SolrCore execute
INFO: [] webapp= path=/select/ params={json.wrf=jsonp1285354068677&facet=true&start=0&q=Connect&facet.field=h_type&wt=json&version=2.2&rows=10} hits=207 status=0 QTime=9 
Sep 24, 2010 2:47:51 PM org.apache.solr.core.SolrCore execute
INFO: [] webapp= path=/select/ params={json.wrf=jsonp1285354068678&facet=true&start=10&q=Connect&facet.field=h_type&wt=json&version=2.2&rows=10} hits=207 status=0 QTime=2 
Sep 24, 2010 2:47:51 PM org.apache.solr.core.SolrCore execute
INFO: [] webapp= path=/select/ params={json.wrf=jsonp1285354068679&facet=true&start=20&q=Connect&facet.field=h_type&wt=json&version=2.2&rows=10} hits=207 status=0 QTime=1 
Sep 24, 2010 2:47:52 PM org.apache.solr.core.SolrCore execute
INFO: [] webapp= path=/select/ params={json.wrf=jsonp1285353063125&facet=true&start=60&q=jonas&facet.field=h_type&wt=json&version=2.2&rows=10} hits=163 status=0 QTime=1 
Sep 24, 2010 2:48:21 PM org.apache.solr.core.SolrCore execute
INFO: [] webapp= path=/select/ params={json.wrf=jsonp1285354098515&facet=true&start=0&q=jonas&facet.field=h_type&wt=json&version=2.2&rows=10} hits=163 status=0 QTime=2 
Sep 24, 2010 2:49:18 PM org.apache.solr.core.SolrCore execute
INFO: [] webapp= path=/select/ params={json.wrf=jsonp1285354153504&facet=true&start=0&q=jonas&facet.field=h_type&wt=json&version=2.2&rows=10} hits=163 status=0 QTime=2 
Sep 24, 2010 2:49:28 PM org.apache.solr.core.SolrCore execute
INFO: [] webapp= path=/select/ params={json.wrf=jsonp1285354164148&facet=true&start=0&q=jonas&facet.field=h_type&wt=json&version=2.2&rows=10} hits=163 status=0 QTime=2 
Sep 24, 2010 2:49:56 PM org.apache.solr.core.SolrCore execute
INFO: [] webapp= path=/select/ params={json.wrf=jsonp1285354191000&facet=true&start=0&q=jonas&facet.field=h_type&wt=json&version=2.2&rows=10} hits=163 status=0 QTime=2 
Sep 24, 2010 2:50:25 PM org.apache.solr.core.SolrCore execute
INFO: [] webapp= path=/select/ params={json.wrf=jsonp1285354220171&facet=true&start=0&q=jonas&facet.field=h_type&wt=json&version=2.2&rows=10} hits=163 status=0 QTime=2 
Sep 24, 2010 2:53:23 PM org.apache.solr.core.SolrCore execute
INFO: [] webapp= path=/select/ params={json.wrf=jsonp1285354399109&facet=true&start=0&q=jonas&facet.field=h_type&wt=json&version=2.2&rows=10} hits=163 status=0 QTime=2 
Sep 24, 2010 3:00:19 PM org.apache.solr.core.SolrCore execute
INFO: [] webapp= path=/select/ params={json.wrf=jsonp1285354817229&facet=true&start=0&q=jonas&facet.field=h_type&wt=json&version=2.2&rows=10} hits=163 status=0 QTime=2 
Sep 24, 2010 3:36:35 PM org.apache.solr.core.SolrCore execute
INFO: [] webapp= path=/select/ params={json.wrf=jsonp1285356995052&facet=true&start=0&q=Connect&facet.field=h_type&wt=json&version=2.2&rows=10} hits=207 status=0 QTime=2 
Sep 24, 2010 3:39:44 PM org.apache.solr.core.SolrCore execute
INFO: [] webapp= path=/select/ params={json.wrf=jsonp1285357184421&facet=true&start=0&q=Connect&facet.field=h_type&wt=json&version=2.2&rows=10} hits=207 status=0 QTime=1 
Sep 24, 2010 3:41:48 PM org.apache.solr.core.SolrCore execute
INFO: [] webapp= path=/select/ params={json.wrf=jsonp1285357308337&facet=true&start=0&q=Connect&facet.field=h_type&wt=json&version=2.2&rows=10} hits=207 status=0 QTime=1 
Sep 24, 2010 3:44:47 PM org.apache.solr.core.SolrCore execute
INFO: [] webapp= path=/select/ params={json.wrf=jsonp1285357479408&facet=true&start=0&q=jonas&facet.field=h_type&wt=json&version=2.2&rows=10} hits=163 status=0 QTime=2 
Sep 24, 2010 3:45:25 PM org.apache.solr.core.SolrCore execute
INFO: [] webapp= path=/select/ params={json.wrf=jsonp1285357522331&facet=true&start=0&q=jonas&facet.field=h_type&wt=json&version=2.2&rows=10} hits=163 status=0 QTime=1 
Sep 24, 2010 3:46:26 PM org.apache.solr.core.SolrCore execute
INFO: [] webapp= path=/select/ params={json.wrf=jsonp1285357585010&facet=true&start=0&q=jonas&facet.field=h_type&wt=json&version=2.2&rows=10} hits=163 status=0 QTime=1 
Sep 24, 2010 3:46:34 PM org.apache.solr.core.SolrCore execute
INFO: [] webapp= path=/select/ params={json.wrf=jsonp1285357593236&facet=true&start=0&q=jonas&facet.field=h_type&wt=json&version=2.2&rows=10} hits=163 status=0 QTime=1 
Sep 24, 2010 3:46:40 PM org.apache.solr.core.SolrCore execute
INFO: [] webapp= path=/select/ params={json.wrf=jsonp1285357598470&facet=true&start=0&q=jonas&facet.field=h_type&wt=json&version=2.2&rows=10} hits=163 status=0 QTime=1 
Sep 24, 2010 3:46:41 PM org.apache.solr.core.SolrCore execute
INFO: [] webapp= path=/select/ params={json.wrf=jsonp1285357600626&facet=true&start=0&q=jonas&facet.field=h_type&wt=json&version=2.2&rows=10} hits=163 status=0 QTime=2 
Sep 24, 2010 3:47:16 PM org.apache.solr.core.SolrCore execute
INFO: [] webapp= path=/select/ params={json.wrf=jsonp1285357635272&facet=true&start=0&q=jonas&facet.field=h_type&wt=json&version=2.2&rows=10} hits=163 status=0 QTime=2 
Sep 24, 2010 3:47:29 PM org.apache.solr.core.SolrCore execute
INFO: [] webapp= path=/select/ params={json.wrf=jsonp1285357648585&facet=true&start=0&q=jonas&facet.field=h_type&wt=json&version=2.2&rows=10} hits=163 status=0 QTime=2 
Sep 24, 2010 3:48:29 PM org.apache.solr.core.SolrCore execute
INFO: [] webapp= path=/select/ params={json.wrf=jsonp1285357707834&facet=true&start=0&q=jonas&facet.field=h_type&wt=json&version=2.2&rows=10} hits=163 status=0 QTime=2 
Sep 24, 2010 3:49:30 PM org.apache.solr.core.SolrCore execute
INFO: [] webapp= path=/select/ params={json.wrf=jsonp1285357768312&facet=true&start=0&q=jonas&facet.field=h_type&wt=json&version=2.2&rows=10} hits=163 status=0 QTime=2 
Sep 24, 2010 3:51:28 PM org.apache.solr.core.SolrCore execute
INFO: [] webapp= path=/select/ params={json.wrf=jsonp1285357887755&facet=true&start=0&q=Connect&facet.field=h_type&wt=json&version=2.2&rows=10} hits=207 status=0 QTime=1 
Sep 24, 2010 3:51:36 PM org.apache.solr.core.SolrCore execute
INFO: [] webapp= path=/select/ params={json.wrf=jsonp1285357893765&facet=true&start=0&q=jonas&facet.field=h_type&wt=json&version=2.2&rows=10} hits=163 status=0 QTime=1 
Sep 24, 2010 3:54:12 PM org.apache.solr.core.SolrCore execute
INFO: [] webapp= path=/select/ params={json.wrf=jsonp1285358050960&facet=true&start=0&q=jonas&facet.field=h_type&wt=json&version=2.2&rows=10} hits=163 status=0 QTime=2 
Sep 24, 2010 3:54:19 PM org.apache.solr.core.SolrCore execute
INFO: [] webapp= path=/select/ params={json.wrf=jsonp1285358058079&facet=true&start=0&q=jonas&facet.field=h_type&wt=json&version=2.2&rows=10} hits=163 status=0 QTime=1 
Sep 24, 2010 3:56:32 PM org.apache.solr.core.SolrCore execute
INFO: [] webapp= path=/select/ params={json.wrf=jsonp1285358191079&facet=true&start=0&q=jonas&facet.field=h_type&wt=json&version=2.2&rows=10} hits=163 status=0 QTime=1 
Sep 24, 2010 3:56:49 PM org.apache.solr.core.SolrCore execute
INFO: [] webapp= path=/select/ params={json.wrf=jsonp1285358207636&facet=true&start=0&q=jonas&facet.field=h_type&wt=json&version=2.2&rows=10} hits=163 status=0 QTime=1 
Sep 24, 2010 3:57:01 PM org.apache.solr.core.SolrCore execute
INFO: [] webapp= path=/select/ params={json.wrf=jsonp1285358219438&facet=true&start=0&q=jonas&facet.field=h_type&wt=json&version=2.2&rows=10} hits=163 status=0 QTime=1 
Sep 24, 2010 3:57:02 PM org.apache.solr.core.SolrCore execute
INFO: [] webapp= path=/select/ params={json.wrf=jsonp1285358221282&facet=true&start=0&q=jonas&facet.field=h_type&wt=json&version=2.2&rows=10} hits=163 status=0 QTime=2 
Sep 24, 2010 3:57:26 PM org.apache.solr.core.SolrCore execute
INFO: [] webapp= path=/select/ params={json.wrf=jsonp1285358244472&facet=true&start=0&q=jonas&facet.field=h_type&wt=json&version=2.2&rows=10} hits=163 status=0 QTime=1 
Sep 24, 2010 3:57:29 PM org.apache.solr.core.SolrCore execute
INFO: [] webapp= path=/select/ params={json.wrf=jsonp1285358247488&facet=true&start=0&q=jonas&facet.field=h_type&wt=json&version=2.2&rows=10} hits=163 status=0 QTime=1 
Sep 24, 2010 3:58:27 PM org.apache.solr.core.SolrCore execute
INFO: [] webapp= path=/select/ params={json.wrf=jsonp1285358306793&facet=true&start=0&q=Connect&facet.field=h_type&wt=json&version=2.2&rows=10} hits=207 status=0 QTime=2 
Sep 24, 2010 3:58:29 PM org.apache.solr.core.SolrCore execute
INFO: [] webapp= path=/select/ params={json.wrf=jsonp1285358307281&facet=true&start=0&q=jonas&facet.field=h_type&wt=json&version=2.2&rows=10} hits=163 status=0 QTime=1 
Sep 24, 2010 3:58:33 PM org.apache.solr.core.SolrCore execute
INFO: [] webapp= path=/select/ params={json.wrf=jsonp1285358311640&facet=true&start=0&q=jonas&facet.field=h_type&wt=json&version=2.2&rows=10} hits=163 status=0 QTime=1 
Sep 24, 2010 3:58:55 PM org.apache.solr.core.SolrCore execute
INFO: [] webapp= path=/select/ params={json.wrf=jsonp1285358333359&facet=true&start=0&q=jonas&facet.field=h_type&wt=json&version=2.2&rows=10} hits=163 status=0 QTime=1 
Sep 24, 2010 3:59:10 PM org.apache.solr.core.SolrCore execute
INFO: [] webapp= path=/select/ params={json.wrf=jsonp1285358348906&facet=true&start=0&q=jonas&facet.field=h_type&wt=json&version=2.2&rows=10} hits=163 status=0 QTime=1 
Sep 24, 2010 3:59:19 PM org.apache.solr.core.SolrCore execute
INFO: [] webapp= path=/select/ params={json.wrf=jsonp1285358356811&facet=true&start=0&q=jonas&facet.field=h_type&wt=json&version=2.2&rows=10} hits=163 status=0 QTime=1 
Sep 24, 2010 4:00:25 PM org.apache.solr.core.SolrCore execute
INFO: [] webapp= path=/select/ params={json.wrf=jsonp1285358423656&facet=true&start=0&q=jonas&facet.field=h_type&wt=json&version=2.2&rows=10} hits=163 status=0 QTime=2 
Sep 24, 2010 4:00:42 PM org.apache.solr.core.SolrCore execute
INFO: [] webapp= path=/select/ params={json.wrf=jsonp1285358441328&facet=true&start=0&q=jonas&facet.field=h_type&wt=json&version=2.2&rows=10} hits=163 status=0 QTime=1 
Sep 24, 2010 4:01:03 PM org.apache.solr.core.SolrCore execute
INFO: [] webapp= path=/select/ params={json.wrf=jsonp1285358461546&facet=true&start=0&q=jonas&facet.field=h_type&wt=json&version=2.2&rows=10} hits=163 status=0 QTime=1 
Sep 24, 2010 4:02:56 PM org.apache.solr.core.SolrCore execute
INFO: [] webapp= path=/select/ params={json.wrf=jsonp1285358574125&facet=true&start=0&q=jonas&facet.field=h_type&wt=json&version=2.2&rows=10} hits=163 status=0 QTime=2 
Sep 24, 2010 4:03:06 PM org.apache.solr.core.SolrCore execute
INFO: [] webapp= path=/select/ params={json.wrf=jsonp1285358584470&facet=true&start=0&q=jonas&facet.field=h_type&wt=json&version=2.2&rows=10} hits=163 status=0 QTime=2 
Sep 24, 2010 4:03:13 PM org.apache.solr.core.SolrCore execute
INFO: [] webapp= path=/select/ params={json.wrf=jsonp1285358584471&facet=true&start=10&q=jonas&facet.field=h_type&wt=json&version=2.2&rows=10} hits=163 status=0 QTime=1 
Sep 24, 2010 4:03:16 PM org.apache.solr.core.SolrCore execute
INFO: [] webapp= path=/select/ params={json.wrf=jsonp1285358584472&facet=true&start=20&q=jonas&facet.field=h_type&wt=json&version=2.2&rows=10} hits=163 status=0 QTime=1 
Sep 24, 2010 4:03:18 PM org.apache.solr.core.SolrCore execute
INFO: [] webapp= path=/select/ params={json.wrf=jsonp1285358584473&facet=true&start=30&q=jonas&facet.field=h_type&wt=json&version=2.2&rows=10} hits=163 status=0 QTime=2 
Sep 24, 2010 4:03:19 PM org.apache.solr.core.SolrCore execute
INFO: [] webapp= path=/select/ params={json.wrf=jsonp1285358584474&facet=true&start=40&q=jonas&facet.field=h_type&wt=json&version=2.2&rows=10} hits=163 status=0 QTime=2 
Sep 24, 2010 4:03:21 PM org.apache.solr.core.SolrCore execute
INFO: [] webapp= path=/select/ params={json.wrf=jsonp1285358584475&facet=true&start=50&q=jonas&facet.field=h_type&wt=json&version=2.2&rows=10} hits=163 status=0 QTime=1 
Sep 24, 2010 4:03:23 PM org.apache.solr.core.SolrCore execute
INFO: [] webapp= path=/select/ params={json.wrf=jsonp1285358584476&facet=true&start=60&q=jonas&facet.field=h_type&wt=json&version=2.2&rows=10} hits=163 status=0 QTime=1 
Sep 24, 2010 4:03:37 PM org.apache.solr.core.SolrCore execute
INFO: [] webapp= path=/select/ params={json.wrf=jsonp1285358614260&facet=true&start=0&q=jonas&facet.field=h_type&wt=json&version=2.2&rows=10} hits=163 status=0 QTime=2 
Sep 24, 2010 4:04:05 PM org.apache.solr.core.SolrCore execute
INFO: [] webapp= path=/select/ params={json.wrf=jsonp1285358644687&facet=true&start=0&q=Connect&facet.field=h_type&wt=json&version=2.2&rows=10} hits=207 status=0 QTime=1 
Sep 24, 2010 4:06:28 PM org.apache.solr.core.SolrCore execute
INFO: [] webapp= path=/select/ params={json.wrf=jsonp1285358788165&facet=true&start=0&q=Connect&facet.field=h_type&wt=json&version=2.2&rows=10} hits=207 status=0 QTime=1 
Sep 24, 2010 4:06:38 PM org.apache.solr.core.SolrCore execute
INFO: [] webapp= path=/select/ params={json.wrf=jsonp1285358797964&facet=true&start=0&q=Connect&facet.field=h_type&wt=json&version=2.2&rows=10} hits=207 status=0 QTime=2 
Sep 24, 2010 4:06:45 PM org.apache.solr.core.SolrCore execute
INFO: [] webapp= path=/select/ params={json.wrf=jsonp1285358797965&facet=true&start=10&q=Connect&facet.field=h_type&wt=json&version=2.2&rows=10} hits=207 status=0 QTime=2 
Sep 24, 2010 4:07:10 PM org.apache.solr.core.SolrCore execute
INFO: [] webapp= path=/select/ params={json.wrf=jsonp1285358829049&facet=true&start=0&q=jonas&facet.field=h_type&wt=json&version=2.2&rows=10} hits=163 status=0 QTime=1 
Sep 24, 2010 4:07:45 PM org.apache.solr.core.SolrCore execute
INFO: [] webapp= path=/select/ params={json.wrf=jsonp1285358862956&facet=true&start=0&q=jonas&facet.field=h_type&wt=json&version=2.2&rows=10} hits=163 status=0 QTime=1 
Sep 24, 2010 4:08:34 PM org.apache.solr.core.SolrCore execute
INFO: [] webapp= path=/select/ params={json.wrf=jsonp1285358914111&facet=true&start=0&q=Connect&facet.field=h_type&wt=json&version=2.2&rows=10} hits=207 status=0 QTime=1 
Sep 24, 2010 4:08:39 PM org.apache.solr.core.SolrCore execute
INFO: [] webapp= path=/select/ params={json.wrf=jsonp1285358914112&facet=true&start=10&q=Connect&facet.field=h_type&wt=json&version=2.2&rows=10} hits=207 status=0 QTime=1 
Sep 24, 2010 4:08:40 PM org.apache.solr.core.SolrCore execute
INFO: [] webapp= path=/select/ params={json.wrf=jsonp1285358917418&facet=true&start=0&q=jonas&facet.field=h_type&wt=json&version=2.2&rows=10} hits=163 status=0 QTime=2 
Sep 24, 2010 4:10:20 PM org.apache.solr.core.SolrCore execute
INFO: [] webapp= path=/select/ params={json.wrf=jsonp1285359017864&facet=true&start=0&q=jonas&facet.field=h_type&wt=json&version=2.2&rows=10} hits=163 status=0 QTime=1 
Sep 24, 2010 4:10:22 PM org.apache.solr.core.SolrCore execute
INFO: [] webapp= path=/select/ params={json.wrf=jsonp1285359017865&facet=true&start=10&q=jonas&facet.field=h_type&wt=json&version=2.2&rows=10} hits=163 status=0 QTime=1 
Sep 24, 2010 4:10:23 PM org.apache.solr.core.SolrCore execute
INFO: [] webapp= path=/select/ params={json.wrf=jsonp1285359017866&facet=true&start=20&q=jonas&facet.field=h_type&wt=json&version=2.2&rows=10} hits=163 status=0 QTime=1 
Sep 24, 2010 4:10:27 PM org.apache.solr.core.SolrCore execute
INFO: [] webapp= path=/select/ params={json.wrf=jsonp1285359017867&facet=true&start=30&q=jonas&facet.field=h_type&wt=json&version=2.2&rows=10} hits=163 status=0 QTime=2 
Sep 24, 2010 4:10:30 PM org.apache.solr.core.SolrCore execute
INFO: [] webapp= path=/select/ params={json.wrf=jsonp1285359017868&facet=true&start=40&q=jonas&facet.field=h_type&wt=json&version=2.2&rows=10} hits=163 status=0 QTime=2 
Sep 24, 2010 4:10:31 PM org.apache.solr.core.SolrCore execute
INFO: [] webapp= path=/select/ params={json.wrf=jsonp1285359017869&facet=true&start=50&q=jonas&facet.field=h_type&wt=json&version=2.2&rows=10} hits=163 status=0 QTime=2 
Sep 24, 2010 4:10:32 PM org.apache.solr.core.SolrCore execute
INFO: [] webapp= path=/select/ params={json.wrf=jsonp1285359017870&facet=true&start=60&q=jonas&facet.field=h_type&wt=json&version=2.2&rows=10} hits=163 status=0 QTime=1 
Sep 24, 2010 4:10:32 PM org.apache.solr.core.SolrCore execute
INFO: [] webapp= path=/select/ params={json.wrf=jsonp1285359017871&facet=true&start=70&q=jonas&facet.field=h_type&wt=json&version=2.2&rows=10} hits=163 status=0 QTime=1 
Sep 24, 2010 4:10:33 PM org.apache.solr.core.SolrCore execute
INFO: [] webapp= path=/select/ params={json.wrf=jsonp1285359017872&facet=true&start=80&q=jonas&facet.field=h_type&wt=json&version=2.2&rows=10} hits=163 status=0 QTime=2 
Sep 24, 2010 4:10:34 PM org.apache.solr.core.SolrCore execute
INFO: [] webapp= path=/select/ params={json.wrf=jsonp1285359017873&facet=true&start=90&q=jonas&facet.field=h_type&wt=json&version=2.2&rows=10} hits=163 status=0 QTime=2 
Sep 24, 2010 4:11:00 PM org.apache.solr.core.SolrCore execute
INFO: [] webapp= path=/select/ params={json.wrf=jsonp1285359058667&facet=true&start=0&q=jonas&facet.field=h_type&wt=json&version=2.2&rows=10} hits=163 status=0 QTime=1 
Sep 24, 2010 4:11:01 PM org.apache.solr.core.SolrCore execute
INFO: [] webapp= path=/select/ params={json.wrf=jsonp1285359058668&facet=true&start=10&q=jonas&facet.field=h_type&wt=json&version=2.2&rows=10} hits=163 status=0 QTime=2 
Sep 24, 2010 4:11:06 PM org.apache.solr.core.SolrCore execute
INFO: [] webapp= path=/select/ params={json.wrf=jsonp1285359058669&facet=true&start=20&q=jonas&facet.field=h_type&wt=json&version=2.2&rows=10} hits=163 status=0 QTime=2 
Sep 24, 2010 4:11:08 PM org.apache.solr.core.SolrCore execute
INFO: [] webapp= path=/select/ params={json.wrf=jsonp1285359058670&facet=true&start=30&q=jonas&facet.field=h_type&wt=json&version=2.2&rows=10} hits=163 status=0 QTime=1 
Sep 24, 2010 4:11:10 PM org.apache.solr.core.SolrCore execute
INFO: [] webapp= path=/select/ params={json.wrf=jsonp1285359058671&facet=true&start=40&q=jonas&facet.field=h_type&wt=json&version=2.2&rows=10} hits=163 status=0 QTime=1 
Sep 24, 2010 4:11:14 PM org.apache.solr.core.SolrCore execute
INFO: [] webapp= path=/select/ params={json.wrf=jsonp1285359071855&facet=true&start=0&q=jonas&facet.field=h_type&wt=json&version=2.2&rows=10} hits=163 status=0 QTime=1 
Sep 24, 2010 4:11:17 PM org.apache.solr.core.SolrCore execute
INFO: [] webapp= path=/select/ params={json.wrf=jsonp1285359071856&facet=true&start=10&q=jonas&facet.field=h_type&wt=json&version=2.2&rows=10} hits=163 status=0 QTime=1 
Sep 24, 2010 4:11:23 PM org.apache.solr.core.SolrCore execute
INFO: [] webapp= path=/select/ params={json.wrf=jsonp1285359071857&facet=true&start=20&q=jonas&facet.field=h_type&wt=json&version=2.2&rows=10} hits=163 status=0 QTime=1 
Sep 24, 2010 4:11:25 PM org.apache.solr.core.SolrCore execute
INFO: [] webapp= path=/select/ params={json.wrf=jsonp1285359071858&facet=true&start=30&q=jonas&facet.field=h_type&wt=json&version=2.2&rows=10} hits=163 status=0 QTime=2 
Sep 24, 2010 4:11:26 PM org.apache.solr.core.SolrCore execute
INFO: [] webapp= path=/select/ params={json.wrf=jsonp1285359071859&facet=true&start=40&q=jonas&facet.field=h_type&wt=json&version=2.2&rows=10} hits=163 status=0 QTime=2 
Sep 24, 2010 4:12:08 PM org.apache.solr.core.SolrCore execute
INFO: [] webapp= path=/select/ params={json.wrf=jsonp1285359127296&facet=true&start=0&q=jonas&facet.field=h_type&wt=json&version=2.2&rows=10} hits=163 status=0 QTime=1 
Sep 24, 2010 4:12:13 PM org.apache.solr.core.SolrCore execute
INFO: [] webapp= path=/select/ params={json.wrf=jsonp1285359127297&facet=true&start=10&q=jonas&facet.field=h_type&wt=json&version=2.2&rows=10} hits=163 status=0 QTime=1 
Sep 24, 2010 4:17:53 PM org.apache.solr.core.SolrCore execute
INFO: [] webapp= path=/select/ params={json.wrf=jsonp1285358914113&facet=true&start=20&q=Connect&facet.field=h_type&wt=json&version=2.2&rows=10} hits=207 status=0 QTime=2 
Sep 24, 2010 4:17:54 PM org.apache.solr.core.SolrCore execute
INFO: [] webapp= path=/select/ params={json.wrf=jsonp1285358914114&facet=true&start=30&q=Connect&facet.field=h_type&wt=json&version=2.2&rows=10} hits=207 status=0 QTime=6 
Sep 24, 2010 4:17:54 PM org.apache.solr.core.SolrCore execute
INFO: [] webapp= path=/select/ params={json.wrf=jsonp1285358914115&facet=true&start=40&q=Connect&facet.field=h_type&wt=json&version=2.2&rows=10} hits=207 status=0 QTime=7 
Sep 24, 2010 4:17:56 PM org.apache.solr.core.SolrCore execute
INFO: [] webapp= path=/select/ params={json.wrf=jsonp1285359476656&facet=true&start=0&q=Connect&facet.field=h_type&wt=json&version=2.2&rows=10} hits=207 status=0 QTime=1 
Sep 24, 2010 4:17:57 PM org.apache.solr.core.SolrCore execute
INFO: [] webapp= path=/select/ params={json.wrf=jsonp1285359476657&facet=true&start=10&q=Connect&facet.field=h_type&wt=json&version=2.2&rows=10} hits=207 status=0 QTime=1 
Sep 24, 2010 4:17:58 PM org.apache.solr.core.SolrCore execute
INFO: [] webapp= path=/select/ params={json.wrf=jsonp1285359476658&facet=true&start=20&q=Connect&facet.field=h_type&wt=json&version=2.2&rows=10} hits=207 status=0 QTime=3 
Sep 24, 2010 4:17:58 PM org.apache.solr.core.SolrCore execute
INFO: [] webapp= path=/select/ params={json.wrf=jsonp1285359476659&facet=true&start=30&q=Connect&facet.field=h_type&wt=json&version=2.2&rows=10} hits=207 status=0 QTime=4 
Sep 24, 2010 4:17:59 PM org.apache.solr.core.SolrCore execute
INFO: [] webapp= path=/select/ params={json.wrf=jsonp1285359476660&facet=true&start=40&q=Connect&facet.field=h_type&wt=json&version=2.2&rows=10} hits=207 status=0 QTime=16 
Sep 24, 2010 4:17:59 PM org.apache.solr.core.SolrCore execute
INFO: [] webapp= path=/select/ params={json.wrf=jsonp1285359476661&facet=true&start=50&q=Connect&facet.field=h_type&wt=json&version=2.2&rows=10} hits=207 status=0 QTime=7 
Sep 24, 2010 4:17:59 PM org.apache.solr.core.SolrCore execute
INFO: [] webapp= path=/select/ params={json.wrf=jsonp1285359476662&facet=true&start=60&q=Connect&facet.field=h_type&wt=json&version=2.2&rows=10} hits=207 status=0 QTime=24 
Sep 24, 2010 4:17:59 PM org.apache.solr.core.SolrCore execute
INFO: [] webapp= path=/select/ params={json.wrf=jsonp1285359476663&facet=true&start=70&q=Connect&facet.field=h_type&wt=json&version=2.2&rows=10} hits=207 status=0 QTime=27 
Sep 24, 2010 4:17:59 PM org.apache.solr.core.SolrCore execute
INFO: [] webapp= path=/select/ params={json.wrf=jsonp1285359476664&facet=true&start=80&q=Connect&facet.field=h_type&wt=json&version=2.2&rows=10} hits=207 status=0 QTime=19 
Sep 24, 2010 4:18:00 PM org.apache.solr.core.SolrCore execute
INFO: [] webapp= path=/select/ params={json.wrf=jsonp1285359476665&facet=true&start=90&q=Connect&facet.field=h_type&wt=json&version=2.2&rows=10} hits=207 status=0 QTime=7 
Sep 24, 2010 4:18:00 PM org.apache.solr.core.SolrCore execute
INFO: [] webapp= path=/select/ params={json.wrf=jsonp1285359476666&facet=true&start=100&q=Connect&facet.field=h_type&wt=json&version=2.2&rows=10} hits=207 status=0 QTime=6 
Sep 24, 2010 4:18:00 PM org.apache.solr.core.SolrCore execute
INFO: [] webapp= path=/select/ params={json.wrf=jsonp1285359476667&facet=true&start=110&q=Connect&facet.field=h_type&wt=json&version=2.2&rows=10} hits=207 status=0 QTime=8 
Sep 24, 2010 4:18:00 PM org.apache.solr.core.SolrCore execute
INFO: [] webapp= path=/select/ params={json.wrf=jsonp1285359476668&facet=true&start=120&q=Connect&facet.field=h_type&wt=json&version=2.2&rows=10} hits=207 status=0 QTime=16 
Sep 24, 2010 4:18:01 PM org.apache.solr.core.SolrCore execute
INFO: [] webapp= path=/select/ params={json.wrf=jsonp1285359476669&facet=true&start=130&q=Connect&facet.field=h_type&wt=json&version=2.2&rows=10} hits=207 status=0 QTime=18 
Sep 24, 2010 4:18:01 PM org.apache.solr.core.SolrCore execute
INFO: [] webapp= path=/select/ params={json.wrf=jsonp1285359476670&facet=true&start=140&q=Connect&facet.field=h_type&wt=json&version=2.2&rows=10} hits=207 status=0 QTime=9 
Sep 24, 2010 4:18:01 PM org.apache.solr.core.SolrCore execute
INFO: [] webapp= path=/select/ params={json.wrf=jsonp1285359476671&facet=true&start=150&q=Connect&facet.field=h_type&wt=json&version=2.2&rows=10} hits=207 status=0 QTime=13 
Sep 24, 2010 4:18:02 PM org.apache.solr.core.SolrCore execute
INFO: [] webapp= path=/select/ params={json.wrf=jsonp1285359476672&facet=true&start=160&q=Connect&facet.field=h_type&wt=json&version=2.2&rows=10} hits=207 status=0 QTime=8 
Sep 24, 2010 4:18:02 PM org.apache.solr.core.SolrCore execute
INFO: [] webapp= path=/select/ params={json.wrf=jsonp1285359476673&facet=true&start=170&q=Connect&facet.field=h_type&wt=json&version=2.2&rows=10} hits=207 status=0 QTime=3 
Sep 24, 2010 4:18:02 PM org.apache.solr.core.SolrCore execute
INFO: [] webapp= path=/select/ params={json.wrf=jsonp1285359476674&facet=true&start=180&q=Connect&facet.field=h_type&wt=json&version=2.2&rows=10} hits=207 status=0 QTime=8 
Sep 24, 2010 4:18:03 PM org.apache.solr.core.SolrCore execute
INFO: [] webapp= path=/select/ params={json.wrf=jsonp1285359476675&facet=true&start=190&q=Connect&facet.field=h_type&wt=json&version=2.2&rows=10} hits=207 status=0 QTime=4 
Sep 24, 2010 4:18:03 PM org.apache.solr.core.SolrCore execute
INFO: [] webapp= path=/select/ params={json.wrf=jsonp1285359476676&facet=true&start=200&q=Connect&facet.field=h_type&wt=json&version=2.2&rows=10} hits=207 status=0 QTime=10 
Sep 24, 2010 4:18:13 PM org.apache.solr.core.SolrCore execute
INFO: [] webapp= path=/select/ params={json.wrf=jsonp1285359492324&facet=true&start=0&q=Connect&facet.field=h_type&wt=json&version=2.2&rows=10} hits=207 status=0 QTime=3 
2010-09-24 16:37:41.828:INFO::Shutdown hook executing
2010-09-24 16:37:41.829:INFO::Graceful shutdown SelectChannelConnector@0.0.0.0:8080
2010-09-24 16:37:41.898:INFO::Graceful shutdown org.mortbay.jetty.webapp.WebAppContext@52c05d3b{/,/Users/bradfordcp/Projects/java/jetty-6.1.25/webapps/apache-solr-1.4.1.war}
2010-09-24 16:37:41.899:INFO::Graceful shutdown org.mortbay.jetty.webapp.WebAppContext@656de49c{/,/Users/bradfordcp/Projects/java/jetty-6.1.25/webapps/test}
2010-09-24 16:37:41.901:INFO::Graceful shutdown org.mortbay.jetty.handler.ContextHandler@2d8941f7{/javadoc,file:/Users/bradfordcp/Projects/java/jetty-6.1.25/javadoc/}
2010-09-24 16:37:42.901:INFO::Stopped SelectChannelConnector@0.0.0.0:8080
2010-09-24 16:37:42.959:INFO::Shutdown hook complete
