2010-09-10 13:54:18.798:INFO::jetty-6.1.25
2010-09-10 13:54:19.476:INFO::Deploy /Users/bradfordcp/Projects/java/jetty-6.1.25/contexts/solr.xml -> org.mortbay.jetty.webapp.WebAppContext@6719dc16{/,/Users/bradfordcp/Projects/java/jetty-6.1.25/webapps/apache-solr-1.4.1.war}
2010-09-10 13:54:19.505:INFO::Deploy /Users/bradfordcp/Projects/java/jetty-6.1.25/contexts/test.xml -> org.mortbay.jetty.webapp.WebAppContext@15f66cff{/,/Users/bradfordcp/Projects/java/jetty-6.1.25/webapps/test}
2010-09-10 13:54:19.533:INFO::Deploy /Users/bradfordcp/Projects/java/jetty-6.1.25/contexts/javadoc.xml -> org.mortbay.jetty.handler.ContextHandler@26b4e29b{/javadoc,file:/Users/bradfordcp/Projects/java/jetty-6.1.25/javadoc/}
2010-09-10 13:54:19.634:INFO::Extract /Users/bradfordcp/Projects/java/jetty-6.1.25/webapps/apache-solr-1.4.1.war to /tmp/Jetty_0_0_0_0_8080_apache.solr.1.4.1.war____wx3urt/webapp
Sep 10, 2010 1:54:20 PM org.apache.solr.core.SolrResourceLoader locateSolrHome
INFO: No /solr/home in JNDI
Sep 10, 2010 1:54:20 PM org.apache.solr.core.SolrResourceLoader locateSolrHome
INFO: solr home defaulted to 'solr/' (could not find system property or JNDI)
Sep 10, 2010 1:54:20 PM org.apache.solr.core.SolrResourceLoader <init>
INFO: Solr home set to 'solr/'
Sep 10, 2010 1:54:20 PM org.apache.solr.servlet.SolrDispatchFilter init
INFO: SolrDispatchFilter.init()
Sep 10, 2010 1:54:20 PM org.apache.solr.core.SolrResourceLoader locateSolrHome
INFO: No /solr/home in JNDI
Sep 10, 2010 1:54:20 PM org.apache.solr.core.SolrResourceLoader locateSolrHome
INFO: solr home defaulted to 'solr/' (could not find system property or JNDI)
Sep 10, 2010 1:54:20 PM org.apache.solr.core.CoreContainer$Initializer initialize
INFO: looking for solr.xml: /Users/bradfordcp/Projects/java/jetty-6.1.25/solr/solr.xml
Sep 10, 2010 1:54:20 PM org.apache.solr.core.SolrResourceLoader <init>
INFO: Solr home set to 'solr/'
Sep 10, 2010 1:54:21 PM org.apache.solr.core.SolrConfig initLibs
INFO: Adding specified lib dirs to ClassLoader
Sep 10, 2010 1:54:21 PM org.apache.solr.core.SolrConfig <init>
INFO: Loaded SolrConfig: solrconfig.xml
Sep 10, 2010 1:54:21 PM org.apache.solr.core.SolrCore <init>
INFO: Opening new SolrCore at solr/, dataDir=/opt/solr/data/
Sep 10, 2010 1:54:21 PM org.apache.solr.schema.IndexSchema readSchema
INFO: Reading Solr Schema
Sep 10, 2010 1:54:21 PM org.apache.solr.schema.IndexSchema readSchema
INFO: Schema name=cambio
Sep 10, 2010 1:54:21 PM org.apache.solr.util.plugin.AbstractPluginLoader load
INFO: created string: org.apache.solr.schema.StrField
Sep 10, 2010 1:54:21 PM org.apache.solr.util.plugin.AbstractPluginLoader load
INFO: created null: org.apache.solr.analysis.HTMLStripStandardTokenizerFactory
Sep 10, 2010 1:54:21 PM org.apache.solr.util.plugin.AbstractPluginLoader load
INFO: created null: org.apache.solr.analysis.StandardFilterFactory
Sep 10, 2010 1:54:21 PM org.apache.solr.util.plugin.AbstractPluginLoader load
INFO: created null: org.apache.solr.analysis.StopFilterFactory
Sep 10, 2010 1:54:21 PM org.apache.solr.util.plugin.AbstractPluginLoader load
INFO: created null: org.apache.solr.analysis.SynonymFilterFactory
Sep 10, 2010 1:54:21 PM org.apache.solr.util.plugin.AbstractPluginLoader load
INFO: created null: org.apache.solr.analysis.WordDelimiterFilterFactory
Sep 10, 2010 1:54:21 PM org.apache.solr.util.plugin.AbstractPluginLoader load
INFO: created null: org.apache.solr.analysis.LowerCaseFilterFactory
Sep 10, 2010 1:54:21 PM org.apache.solr.util.plugin.AbstractPluginLoader load
INFO: created null: org.apache.solr.analysis.RemoveDuplicatesTokenFilterFactory
Sep 10, 2010 1:54:21 PM org.apache.solr.util.plugin.AbstractPluginLoader load
INFO: created text: org.apache.solr.schema.TextField
Sep 10, 2010 1:54:21 PM org.apache.solr.schema.IndexSchema readSchema
INFO: default search field is description
Sep 10, 2010 1:54:21 PM org.apache.solr.schema.IndexSchema readSchema
INFO: unique key field: id
Sep 10, 2010 1:54:25 PM org.apache.solr.core.SolrCore <init>
INFO: JMX monitoring not detected for core: null
Sep 10, 2010 1:54:25 PM org.apache.solr.core.SolrCore initListeners
INFO: Added SolrEventListener: org.apache.solr.core.QuerySenderListener{queries=[]}
Sep 10, 2010 1:54:25 PM org.apache.solr.core.SolrCore initListeners
INFO: Added SolrEventListener: org.apache.solr.core.QuerySenderListener{queries=[{q=Cambio,start=0,rows=10}, {q=Connect}]}
Sep 10, 2010 1:54:25 PM org.apache.solr.request.XSLTResponseWriter init
INFO: xsltCacheLifetimeSeconds=5
Sep 10, 2010 1:54:26 PM org.apache.solr.core.RequestHandlers initHandlersFromConfig
INFO: created /lucene: solr.SearchHandler
Sep 10, 2010 1:54:26 PM org.apache.solr.core.RequestHandlers initHandlersFromConfig
INFO: created /dismax: solr.SearchHandler
Sep 10, 2010 1:54:26 PM org.apache.solr.core.RequestHandlers initHandlersFromConfig
INFO: created /update: solr.XmlUpdateRequestHandler
Sep 10, 2010 1:54:26 PM org.apache.solr.core.RequestHandlers initHandlersFromConfig
INFO: created /update/javabin: solr.BinaryUpdateRequestHandler
Sep 10, 2010 1:54:26 PM org.apache.solr.core.RequestHandlers initHandlersFromConfig
INFO: created /analysis/document: solr.DocumentAnalysisRequestHandler
Sep 10, 2010 1:54:26 PM org.apache.solr.core.RequestHandlers initHandlersFromConfig
INFO: created /analysis/field: solr.FieldAnalysisRequestHandler
Sep 10, 2010 1:54:26 PM org.apache.solr.core.RequestHandlers initHandlersFromConfig
INFO: adding lazy requestHandler: solr.CSVRequestHandler
Sep 10, 2010 1:54:26 PM org.apache.solr.core.RequestHandlers initHandlersFromConfig
INFO: created /update/csv: solr.CSVRequestHandler
Sep 10, 2010 1:54:26 PM org.apache.solr.core.RequestHandlers initHandlersFromConfig
INFO: created /admin/luke: org.apache.solr.handler.admin.LukeRequestHandler
Sep 10, 2010 1:54:26 PM org.apache.solr.core.RequestHandlers initHandlersFromConfig
INFO: created /admin/system: org.apache.solr.handler.admin.SystemInfoHandler
Sep 10, 2010 1:54:26 PM org.apache.solr.core.RequestHandlers initHandlersFromConfig
INFO: created /admin/plugins: org.apache.solr.handler.admin.PluginInfoHandler
Sep 10, 2010 1:54:26 PM org.apache.solr.core.RequestHandlers initHandlersFromConfig
INFO: created /admin/threads: org.apache.solr.handler.admin.ThreadDumpHandler
Sep 10, 2010 1:54:26 PM org.apache.solr.core.RequestHandlers initHandlersFromConfig
INFO: created /admin/properties: org.apache.solr.handler.admin.PropertiesRequestHandler
Sep 10, 2010 1:54:26 PM org.apache.solr.core.RequestHandlers initHandlersFromConfig
INFO: created /admin/file: org.apache.solr.handler.admin.ShowFileRequestHandler
Sep 10, 2010 1:54:26 PM org.apache.solr.core.RequestHandlers initHandlersFromConfig
INFO: created /admin/ping: PingRequestHandler
Sep 10, 2010 1:54:26 PM org.apache.solr.core.RequestHandlers initHandlersFromConfig
INFO: created /debug/dump: solr.DumpRequestHandler
Sep 10, 2010 1:54:26 PM org.apache.solr.search.SolrIndexSearcher <init>
INFO: Opening Searcher@54edd9de main
Sep 10, 2010 1:54:26 PM org.apache.solr.update.DirectUpdateHandler2$CommitTracker <init>
INFO: AutoCommit: disabled
Sep 10, 2010 1:54:26 PM org.apache.solr.handler.component.SearchHandler inform
INFO: Adding  component:org.apache.solr.handler.component.QueryComponent@fd12614
Sep 10, 2010 1:54:26 PM org.apache.solr.handler.component.SearchHandler inform
INFO: Adding  component:org.apache.solr.handler.component.FacetComponent@6c1af328
Sep 10, 2010 1:54:26 PM org.apache.solr.handler.component.SearchHandler inform
INFO: Adding  component:org.apache.solr.handler.component.MoreLikeThisComponent@5d51fe8a
Sep 10, 2010 1:54:26 PM org.apache.solr.handler.component.SearchHandler inform
INFO: Adding  component:org.apache.solr.handler.component.HighlightComponent@321e45e3
Sep 10, 2010 1:54:26 PM org.apache.solr.handler.component.SearchHandler inform
INFO: Adding  component:org.apache.solr.handler.component.StatsComponent@617e53c9
Sep 10, 2010 1:54:26 PM org.apache.solr.handler.component.SearchHandler inform
INFO: Adding  debug component:org.apache.solr.handler.component.DebugComponent@2caee320
Sep 10, 2010 1:54:26 PM org.apache.solr.handler.component.SearchHandler inform
INFO: Adding  component:org.apache.solr.handler.component.QueryComponent@fd12614
Sep 10, 2010 1:54:26 PM org.apache.solr.handler.component.SearchHandler inform
INFO: Adding  component:org.apache.solr.handler.component.FacetComponent@6c1af328
Sep 10, 2010 1:54:26 PM org.apache.solr.handler.component.SearchHandler inform
INFO: Adding  component:org.apache.solr.handler.component.MoreLikeThisComponent@5d51fe8a
Sep 10, 2010 1:54:26 PM org.apache.solr.handler.component.SearchHandler inform
INFO: Adding  component:org.apache.solr.handler.component.HighlightComponent@321e45e3
Sep 10, 2010 1:54:26 PM org.apache.solr.handler.component.SearchHandler inform
INFO: Adding  component:org.apache.solr.handler.component.StatsComponent@617e53c9
Sep 10, 2010 1:54:26 PM org.apache.solr.handler.component.SearchHandler inform
INFO: Adding  debug component:org.apache.solr.handler.component.DebugComponent@2caee320
Sep 10, 2010 1:54:26 PM org.apache.solr.core.CoreContainer register
INFO: registering core: 
Sep 10, 2010 1:54:26 PM org.apache.solr.servlet.SolrDispatchFilter init
INFO: user.dir=/Users/bradfordcp/Projects/java/jetty-6.1.25
Sep 10, 2010 1:54:26 PM org.apache.solr.servlet.SolrDispatchFilter init
INFO: SolrDispatchFilter.init() done
Sep 10, 2010 1:54:26 PM org.apache.solr.core.QuerySenderListener newSearcher
INFO: QuerySenderListener sending requests to Searcher@54edd9de main
Sep 10, 2010 1:54:26 PM org.apache.solr.servlet.SolrServlet init
INFO: SolrServlet.init()
Sep 10, 2010 1:54:26 PM org.apache.solr.core.SolrResourceLoader locateSolrHome
INFO: No /solr/home in JNDI
Sep 10, 2010 1:54:26 PM org.apache.solr.core.SolrResourceLoader locateSolrHome
INFO: solr home defaulted to 'solr/' (could not find system property or JNDI)
Sep 10, 2010 1:54:26 PM org.apache.solr.servlet.SolrServlet init
INFO: SolrServlet.init() done
Sep 10, 2010 1:54:26 PM org.apache.solr.core.SolrResourceLoader locateSolrHome
INFO: No /solr/home in JNDI
Sep 10, 2010 1:54:26 PM org.apache.solr.core.SolrResourceLoader locateSolrHome
INFO: solr home defaulted to 'solr/' (could not find system property or JNDI)
Sep 10, 2010 1:54:26 PM org.apache.solr.servlet.SolrUpdateServlet init
INFO: SolrUpdateServlet.init() done
2010-09-10 13:54:26.490:WARN::Web application not found /Users/bradfordcp/Projects/java/jetty-6.1.25/webapps/test
2010-09-10 13:54:26.490:WARN::Failed startup of context org.mortbay.jetty.webapp.WebAppContext@15f66cff{/,/Users/bradfordcp/Projects/java/jetty-6.1.25/webapps/test}
java.io.FileNotFoundException: /Users/bradfordcp/Projects/java/jetty-6.1.25/webapps/test
	at org.mortbay.jetty.webapp.WebAppContext.resolveWebApp(WebAppContext.java:987)
	at org.mortbay.jetty.webapp.WebAppContext.getWebInf(WebAppContext.java:822)
	at org.mortbay.jetty.webapp.WebInfConfiguration.configureClassLoader(WebInfConfiguration.java:62)
	at org.mortbay.jetty.webapp.WebAppContext.doStart(WebAppContext.java:479)
	at org.mortbay.component.AbstractLifeCycle.start(AbstractLifeCycle.java:50)
	at org.mortbay.jetty.handler.HandlerCollection.doStart(HandlerCollection.java:152)
	at org.mortbay.jetty.handler.ContextHandlerCollection.doStart(ContextHandlerCollection.java:156)
	at org.mortbay.component.AbstractLifeCycle.start(AbstractLifeCycle.java:50)
	at org.mortbay.jetty.handler.HandlerCollection.doStart(HandlerCollection.java:152)
	at org.mortbay.component.AbstractLifeCycle.start(AbstractLifeCycle.java:50)
	at org.mortbay.jetty.handler.HandlerWrapper.doStart(HandlerWrapper.java:130)
	at org.mortbay.jetty.Server.doStart(Server.java:224)
	at org.mortbay.component.AbstractLifeCycle.start(AbstractLifeCycle.java:50)
	at org.mortbay.xml.XmlConfiguration.main(XmlConfiguration.java:985)
	at sun.reflect.NativeMethodAccessorImpl.invoke0(Native Method)
	at sun.reflect.NativeMethodAccessorImpl.invoke(NativeMethodAccessorImpl.java:39)
	at sun.reflect.DelegatingMethodAccessorImpl.invoke(DelegatingMethodAccessorImpl.java:25)
	at java.lang.reflect.Method.invoke(Method.java:597)
	at org.mortbay.start.Main.invokeMain(Main.java:194)
	at org.mortbay.start.Main.start(Main.java:534)
	at org.mortbay.start.Main.start(Main.java:441)
	at org.mortbay.start.Main.main(Main.java:119)
2010-09-10 13:54:26.493:INFO::Opened /Users/bradfordcp/Projects/java/jetty-6.1.25/logs/2010_09_10.request.log
2010-09-10 13:54:26.538:INFO::Started SelectChannelConnector@0.0.0.0:8080
Sep 10, 2010 1:54:26 PM org.apache.solr.core.SolrCore execute
INFO: [] webapp=null path=null params={start=0&event=firstSearcher&q=Cambio&rows=10} hits=261 status=0 QTime=190 
Sep 10, 2010 1:54:26 PM org.apache.solr.core.SolrCore execute
INFO: [] webapp=null path=null params={event=firstSearcher&q=Connect} hits=229 status=0 QTime=44 
Sep 10, 2010 1:54:26 PM org.apache.solr.core.QuerySenderListener newSearcher
INFO: QuerySenderListener done.
Sep 10, 2010 1:54:26 PM org.apache.solr.core.SolrCore registerSearcher
INFO: [] Registered new searcher Searcher@54edd9de main
Sep 10, 2010 2:04:00 PM org.apache.solr.core.SolrCore execute
INFO: [] webapp= path=/select/ params={json.wrf=jsonp1284141839171&facet=true&start=0&q=connect&facet.field=h_type&wt=json&version=2.2&rows=10} hits=229 status=0 QTime=82 
Sep 10, 2010 2:04:10 PM org.apache.solr.core.SolrCore execute
INFO: [] webapp= path=/select/ params={json.wrf=jsonp1284141850012&facet=true&start=20&q=connect&facet.field=h_type&wt=json&version=2.2&rows=10} hits=229 status=0 QTime=15 
2010-09-10 17:33:51.452:INFO::Shutdown hook executing
2010-09-10 17:33:51.453:INFO::Graceful shutdown SelectChannelConnector@0.0.0.0:8080
2010-09-10 17:33:51.570:INFO::Graceful shutdown org.mortbay.jetty.webapp.WebAppContext@6719dc16{/,/Users/bradfordcp/Projects/java/jetty-6.1.25/webapps/apache-solr-1.4.1.war}
2010-09-10 17:33:51.570:INFO::Graceful shutdown org.mortbay.jetty.webapp.WebAppContext@15f66cff{/,/Users/bradfordcp/Projects/java/jetty-6.1.25/webapps/test}
2010-09-10 17:33:51.571:INFO::Graceful shutdown org.mortbay.jetty.handler.ContextHandler@26b4e29b{/javadoc,file:/Users/bradfordcp/Projects/java/jetty-6.1.25/javadoc/}
2010-09-10 17:33:52.571:INFO::Stopped SelectChannelConnector@0.0.0.0:8080
2010-09-10 17:33:52.656:INFO::Shutdown hook complete
